C51 COMPILER V9.05   MAIN                                                                  06/26/2016 21:55:14 PAGE 1   


C51 COMPILER V9.05, COMPILATION OF MODULE MAIN
OBJECT MODULE PLACED IN main.OBJ
COMPILER INVOKED BY: C:\Keil\C51\BIN\C51.EXE main.c BROWSE DEBUG OBJECTEXTEND

line level    source

   1          #include<reg51.h>
   2          
   3           int i;
   4          void Ext0ISR()  interrupt 0
   5          {       
   6   1          P0 =0x96;
   7   1              for(i=0; i<13000; i++);
   8   1          P0 =0x76;
   9   1                      for(i=0; i<13000; i++);
  10   1          P0 =0x95;
  11   1                      for(i=0; i<13000; i++);
  12   1          P0 =0x45;
  13   1                      for(i=0; i<13000; i++);
  14   1          P0 =0x75;
  15   1                      for(i=0; i<13000; i++);
  16   1          P0 =0x46;
  17   1                      for(i=0; i<13000; i++);
  18   1          P0 =0x47;
  19   1                      for(i=0; i<13000; i++);
  20   1          P0 =0x78;
  21   1                      for(i=0; i<13000; i++);
  22   1          P0 =0x55;
  23   1      
  24   1      }
  25                                            
  26          void Ext1ISR()    interrupt 2
  27          {
  28   1          P1 = ~P1;
  29   1      }
  30          
  31          void main()
  32          {
  33   1         P0=0x00;
  34   1         P1=0x00;
  35   1          IT0 = 1;
  36   1          IT1 = 1;
  37   1               IE = 0x85;
  38   1          while(1)
  39   1          {
  40   2                 
  41   2          }
  42   1      }


MODULE INFORMATION:   STATIC OVERLAYABLE
   CODE SIZE        =    230    ----
   CONSTANT SIZE    =   ----    ----
   XDATA SIZE       =   ----    ----
   PDATA SIZE       =   ----    ----
   DATA SIZE        =      2    ----
   IDATA SIZE       =   ----    ----
   BIT SIZE         =   ----    ----
END OF MODULE INFORMATION.


C51 COMPILATION COMPLETE.  0 WARNING(S),  0 ERROR(S)
