C51 COMPILER V9.05   DOUBLE                                                                05/12/2012 16:17:36 PAGE 1   


C51 COMPILER V9.05, COMPILATION OF MODULE DOUBLE
OBJECT MODULE PLACED IN double.OBJ
COMPILER INVOKED BY: C:\Keil\C51\BIN\C51.EXE double.c BROWSE DEBUG OBJECTEXTEND

line level    source

   1          #include<reg51.h>
   2          sbit seg1=P3^0;
   3          sbit seg2=P3^1;
   4          
   5          delay_ms(int time)              // Time delay function
   6          {
   7   1              int i,j;
   8   1              for(i=0;i<time;i++)
   9   1              for(j=0;j<1275;j++);
  10   1      }
  11          
  12          void main()
  13          {       unsigned char i,j;
  14   1              char num[]={0xC0,0xF9,0xA4,0xB0,0x99,0x92,0x82,0xF8,0x80,0x90};         // Hex values corresponding to digits 0 
             -to 9
  15   1              while(1)
  16   1                      {
  17   2                      for(i=0;i<10;i++)
  18   2                      {
  19   3                      seg1=1;
  20   3                      seg2=1;
  21   3                      P1=num[i];
  22   3                      for(j=0;j<10;j++)
  23   3                        {
  24   4                              P2=num[j];
  25   4                              delay_ms(50);
  26   4                        }
  27   3                      }
  28   2      }
  29   1      }       
*** WARNING C290 IN LINE 10 OF double.c: missing return value


MODULE INFORMATION:   STATIC OVERLAYABLE
   CODE SIZE        =    103    ----
   CONSTANT SIZE    =     10    ----
   XDATA SIZE       =   ----    ----
   PDATA SIZE       =   ----    ----
   DATA SIZE        =   ----      11
   IDATA SIZE       =   ----    ----
   BIT SIZE         =   ----    ----
END OF MODULE INFORMATION.


C51 COMPILATION COMPLETE.  1 WARNING(S),  0 ERROR(S)
