C51 COMPILER V9.51   7_SEG                                                                 04/05/2013 16:24:30 PAGE 1   


C51 COMPILER V9.51, COMPILATION OF MODULE 7_SEG
OBJECT MODULE PLACED IN 7-seg.OBJ
COMPILER INVOKED BY: C:\Keil\C51\BIN\C51.EXE 7-seg.c BROWSE DEBUG OBJECTEXTEND TABS(2)

line level    source

   1          #include<reg51.h>
   2          
   3          void delay_ms(int time)   // Time delay function
   4          {
   5   1        int i,j;
   6   1        for(i=0;i<time;i++)
   7   1          for(j=0;j<1275;j++);
   8   1      }
   9          
  10          void main()
  11          {
  12   1      //  char num[]={0x3F,0x06,0x5B,0x4F,0x66,0x6D,0x7D,0x07,0x7F,0x67};   //(cathode) Hex values corresponding t
             -o digits 0 to 9
  13   1        char num[]={0xC0,0xF9,0xA4,0xB0,0x99,0x92,0x82,0xF8,0x80,0x90};   //(anode)
  14   1        int c;
  15   1        while(1)
  16   1        {
  17   2          for(c=0;c<10;c++)
  18   2          {
  19   3        //  P2=num[c]; // cathode
  20   3          P1=num[c]; // anode
  21   3          delay_ms(200);
  22   3          }
  23   2        }
  24   1      }


MODULE INFORMATION:   STATIC OVERLAYABLE
   CODE SIZE        =     87    ----
   CONSTANT SIZE    =     10    ----
   XDATA SIZE       =   ----    ----
   PDATA SIZE       =   ----    ----
   DATA SIZE        =   ----      10
   IDATA SIZE       =   ----    ----
   BIT SIZE         =   ----    ----
END OF MODULE INFORMATION.


C51 COMPILATION COMPLETE.  0 WARNING(S),  0 ERROR(S)
