C51 COMPILER V9.05   CONTROL                                                               09/03/2012 20:23:34 PAGE 1   


C51 COMPILER V9.05, COMPILATION OF MODULE CONTROL
OBJECT MODULE PLACED IN control.OBJ
COMPILER INVOKED BY: C:\Keil\C51\BIN\C51.EXE control.c BROWSE DEBUG OBJECTEXTEND

line level    source

   1          #include<reg51.h>
   2          sbit sw = P1^0;
   3          sbit sw1 = P1^1;
   4          sbit sw2 = P1^2;
   5          sbit sw3 = P1^3;
   6          sbit mot=P2^0;
   7          void delay(unsigned char);
   8          void timer(unsigned char);
   9          void main()
  10          {        mot=0;
  11   1               while(1)
  12   1         {
  13   2               while(sw==0)
  14   2                   {
  15   3                       mot=1;
  16   3                       timer(25);
  17   3                       delay(10);
  18   3                       mot=0;
  19   3                       timer(75);
  20   3                       delay(10);
  21   3                       }
  22   2               while(sw1==0)
  23   2                      {
  24   3                   mot=1;
  25   3                       timer(50);
  26   3                       delay(10);
  27   3                       mot=0;
  28   3                       timer(50);
  29   3                       delay(10);
  30   3                      }
  31   2      while(sw2==0)
  32   2                   {
  33   3                       mot=1;
  34   3                       timer(75);
  35   3                       delay(10);
  36   3                       mot=0;
  37   3                       timer(25);
  38   3                       delay(10);
  39   3                       }
  40   2      while(sw3==0)
  41   2                   {
  42   3                       mot=1;
  43   3                       timer(100);
  44   3                       delay(10);
  45   3                       }
  46   2         
  47   2         
  48   2         }
  49   1      }
  50          void timer(unsigned char msec)   // Function for timer
  51          {
  52   1              unsigned char i;
  53   1              TR1=1;
  54   1              for(i=0;i<msec;i++)
  55   1              {
C51 COMPILER V9.05   CONTROL                                                               09/03/2012 20:23:34 PAGE 2   

  56   2                      while(TF1==0);
  57   2                      TF1=0;
  58   2              }
  59   1              TR1=0;
  60   1      }
  61          void delay(unsigned char msec)   // Function for delay
  62          {
  63   1              unsigned char i;
  64   1              unsigned int j;
  65   1              for(i=0;i<msec;i++)
  66   1                      for(j=0;j<1275;j++);
  67   1      } 


MODULE INFORMATION:   STATIC OVERLAYABLE
   CODE SIZE        =    151    ----
   CONSTANT SIZE    =   ----    ----
   XDATA SIZE       =   ----    ----
   PDATA SIZE       =   ----    ----
   DATA SIZE        =   ----    ----
   IDATA SIZE       =   ----    ----
   BIT SIZE         =   ----    ----
END OF MODULE INFORMATION.


C51 COMPILATION COMPLETE.  0 WARNING(S),  0 ERROR(S)
