C51 COMPILER V9.05   STEPPER                                                               07/12/2012 15:54:49 PAGE 1   


C51 COMPILER V9.05, COMPILATION OF MODULE STEPPER
OBJECT MODULE PLACED IN stepper.OBJ
COMPILER INVOKED BY: C:\Keil\C51\BIN\C51.EXE stepper.c BROWSE DEBUG OBJECTEXTEND

line level    source

   1          #include<reg51.h>
   2          
   3          sbit rotor_a = P2^0;
   4          sbit rotor_b = P2^1;
   5          sbit rotor_c = P2^2;
   6          sbit rotor_d = P2^3;
   7          sbit red = P2^4;
   8          sbit green = P2^5;
   9          
  10          void stepperf(void);
  11          void stepperb(void);
  12          void delay(unsigned char);
  13          
  14          void stepperf(void)
  15          {
  16   1              unsigned int i;
  17   1              for(i=0;i<20;i++)
  18   1                      {
  19   2                              rotor_a=1;
  20   2      rotor_b=0;
  21   2      rotor_c=0;
  22   2      rotor_d=0;
  23   2                              delay(10);
  24   2                              rotor_a=0;
  25   2      rotor_b=1;
  26   2      rotor_c=0;
  27   2      rotor_d=0;
  28   2                              delay(10);
  29   2                              rotor_a=0;
  30   2      rotor_b=0;
  31   2      rotor_c=1;
  32   2      rotor_d=0;
  33   2                              delay(10);
  34   2                              rotor_a=0;
  35   2      rotor_b=0;
  36   2      rotor_c=0;
  37   2      rotor_d=1;
  38   2                              delay(10);
  39   2                      }
  40   1      }
  41          void stepperb(void)
  42          {
  43   1              unsigned int i;
  44   1              for(i=0;i<20;i++)
  45   1                      {
  46   2                              rotor_a=0;
  47   2      rotor_b=0;
  48   2      rotor_c=0;
  49   2      rotor_d=1;
  50   2                              delay(10);
  51   2                              rotor_a=0;
  52   2      rotor_b=0;
  53   2      rotor_c=1;
  54   2      rotor_d=0;
  55   2                              delay(10);
C51 COMPILER V9.05   STEPPER                                                               07/12/2012 15:54:49 PAGE 2   

  56   2                              rotor_a=0;
  57   2      rotor_b=1;
  58   2      rotor_c=0;
  59   2      rotor_d=0;
  60   2                              delay(10);
  61   2                              rotor_a=1;
  62   2      rotor_b=0;
  63   2      rotor_c=0;
  64   2      rotor_d=0;
  65   2                              delay(10);
  66   2                      }
  67   1      }
  68          void delay(unsigned char time)
  69          {
  70   1      int i,j;
  71   1      for(j=0;j<time;j++)
  72   1      for(i=0;i<1275;i++);
  73   1      }
  74          void main(void)
  75          {
  76   1      red=1;
  77   1      green=1;
  78   1      while(1)
  79   1      {
  80   2      red=0;
  81   2      green=1;
  82   2      stepperf();
  83   2      red=1;
  84   2      green=0;
  85   2      
  86   2      stepperb();
  87   2      
  88   2      }
  89   1      
  90   1      }


MODULE INFORMATION:   STATIC OVERLAYABLE
   CODE SIZE        =    177    ----
   CONSTANT SIZE    =   ----    ----
   XDATA SIZE       =   ----    ----
   PDATA SIZE       =   ----    ----
   DATA SIZE        =   ----       4
   IDATA SIZE       =   ----    ----
   BIT SIZE         =   ----    ----
END OF MODULE INFORMATION.


C51 COMPILATION COMPLETE.  0 WARNING(S),  0 ERROR(S)
