C51 COMPILER V9.05   TEMP_ADC                                                              09/05/2012 13:12:30 PAGE 1   


C51 COMPILER V9.05, COMPILATION OF MODULE TEMP_ADC
OBJECT MODULE PLACED IN temp_ADC.OBJ
COMPILER INVOKED BY: C:\Keil\C51\BIN\C51.EXE temp_ADC.c BROWSE DEBUG OBJECTEXTEND

line level    source

   1          #include<reg51.h>
   2          #include<string.h>
   3          
   4          
   5                                                                  //to indicate working status
   6          sbit EN = P2^7;
   7          sbit RW=P2^6;                                                           //for lcd
   8          sbit RS = P2^5;                                                         //for lcd                                                               
   9          
  10          sbit wr = P3^1;
  11          sbit rd = P3^0; 
  12          sbit intr = P3^2;
  13          
  14          
  15          void delaylcd(unsigned int itime);                       //for lcd delay
  16          void msdelay(unsigned int);                                      //for long delay
  17          void writecmd(unsigned char);                            //for lcd command mode
  18          void writedata(unsigned char);                           //for lcd data mode
  19          void writestr(unsigned char *s);                         //for string display
  20          void lcd(void);                                                          //for lcd to give instructions
  21          void temp();                                                             //for temperature 
  22          void convertAndDisplay(unsigned char value);
  23          
  24          
  25          void delaylcd(unsigned int itime)
  26          {
  27   1              int i,j;
  28   1              for(i=0;i<itime;i++)
  29   1                      for(j=0;j<1275;j++);
  30   1      }
  31          
  32          void msdelay(unsigned int value)
  33          {
  34   1              unsigned int x,y;
  35   1              for(x=0;x<value;x++)
  36   1                      for(y=0;y<325;y++);
  37   1      }  
  38            
  39          void writecmd(unsigned char a)
  40          {
  41   1              RS=0;
  42   1              P0=a;
  43   1              EN=1;
  44   1              delaylcd(5);
  45   1              EN=0;
  46   1              return;
  47   1      }
  48          
  49          void writedata(unsigned char b)
  50          {
  51   1              RS=1;
  52   1              P0=b;
  53   1              EN=1;
  54   1              delaylcd(5);
  55   1              EN=0;
C51 COMPILER V9.05   TEMP_ADC                                                              09/05/2012 13:12:30 PAGE 2   

  56   1              return;
  57   1      }
  58          void writestr(unsigned char *s)
  59          {       
  60   1              unsigned char l,i;
  61   1              l=strlen(s);
  62   1              for(i=0;i<l;i++)
  63   1              {
  64   2                      writedata(*s);
  65   2                      s++;
  66   2              }
  67   1      }
  68            
  69          void lcd()
  70          {
  71   1              writecmd(0x38);
  72   1              writecmd(0x0c);
  73   1              //writecmd(0x01);
  74   1              writecmd(0x06);
  75   1              writecmd(0x80);
  76   1              
  77   1      }
  78          
  79          
  80          void temp() 
  81          {         unsigned char value;
  82   1                 
  83   1                    delaylcd(5);
  84   1                         wr = 0;
  85   1                        delaylcd(5);
  86   1                        wr = 1;
  87   1                        while(intr==1);
  88   1                        rd=1;
  89   1                        rd=0;
  90   1                        value = P1;   
  91   1                        convertAndDisplay(value);
  92   1                        rd=1;
  93   1      }
  94                  
  95          void convertAndDisplay(unsigned char value)
  96                   
  97                   {
  98   1                
  99   1              
 100   1               unsigned char d1,d2;
 101   1                      d1=value/10;
 102   1                      d2=value%10;
 103   1              //      d3=x%10;
 104   1                      writecmd(0xc3);
 105   1                      writestr("TEMP:");
 106   1                      writecmd(0xc9);
 107   1                      writecmd(0x06);
 108   1                      writecmd(0x0E);
 109   1                      writedata(d1+48);               
 110   1              //      MSdelay(50);
 111   1                      writedata(d2+48);
 112   1              //      MSdelay(50);
 113   1              //      writedata(d3+48);
 114   1                      writedata('`');
 115   1                      writedata('C');
 116   1      }       
 117          void main()
C51 COMPILER V9.05   TEMP_ADC                                                              09/05/2012 13:12:30 PAGE 3   

 118          {
 119   1        lcd();
 120   1        while(1)
 121   1        {
 122   2        temp();
 123   2        msdelay(10);
 124   2      }
 125   1      }                  


MODULE INFORMATION:   STATIC OVERLAYABLE
   CODE SIZE        =    268    ----
   CONSTANT SIZE    =      6    ----
   XDATA SIZE       =   ----    ----
   PDATA SIZE       =   ----    ----
   DATA SIZE        =   ----       7
   IDATA SIZE       =   ----    ----
   BIT SIZE         =   ----    ----
END OF MODULE INFORMATION.


C51 COMPILATION COMPLETE.  0 WARNING(S),  0 ERROR(S)
