C51 COMPILER V9.05   MAIN                                                                  10/06/2014 17:55:50 PAGE 1   


C51 COMPILER V9.05, COMPILATION OF MODULE MAIN
OBJECT MODULE PLACED IN main.OBJ
COMPILER INVOKED BY: C:\Keil\C51\BIN\C51.EXE main.c BROWSE DEBUG OBJECTEXTEND

line level    source

   1          #include<reg51.h>
   2          
   3          unsigned char name[25] = "Mrinal Embedded Solutions";
   4          unsigned int i = 0;
   5          
   6          void main()
   7          {
   8   1          TMOD = 0x20;        // Timer 1 Mode 2
   9   1          TH1 = -3;           // Set the baudrate
  10   1          SCON = 0x50;        // Set serial mode 1; REN = 1
  11   1          TR1 = 1;            // Start Timer 1
  12   1      
  13   1              for(i = 0; i < 20000; i++);
  14   1      
  15   1          /*SBUF = 'M';
  16   1          while(TI == 0);
  17   1          TI = 0;*/
  18   1      
  19   1          while(1)
  20   1          {
  21   2              for(i = 0; i < 25; i++)
  22   2              {
  23   3                  SBUF = name[i];
  24   3                  while(TI == 0);
  25   3                  TI = 0;
  26   3              }
  27   2      
  28   2              SBUF = 0x0A;
  29   2              while(TI == 0);
  30   2              TI = 0;
  31   2      
  32   2              SBUF = 0x0D;
  33   2              while(TI == 0);
  34   2              TI = 0;
  35   2          }
  36   1      }


MODULE INFORMATION:   STATIC OVERLAYABLE
   CODE SIZE        =     82    ----
   CONSTANT SIZE    =   ----    ----
   XDATA SIZE       =   ----    ----
   PDATA SIZE       =   ----    ----
   DATA SIZE        =     27    ----
   IDATA SIZE       =   ----    ----
   BIT SIZE         =   ----    ----
END OF MODULE INFORMATION.


C51 COMPILATION COMPLETE.  0 WARNING(S),  0 ERROR(S)
