C51 COMPILER V9.51   LCD_CHARACTER                                                         03/08/2014 00:41:58 PAGE 1   


C51 COMPILER V9.51, COMPILATION OF MODULE LCD_CHARACTER
OBJECT MODULE PLACED IN lcd_character.OBJ
COMPILER INVOKED BY: C:\Keil\C51\BIN\C51.EXE lcd_character.c BROWSE DEBUG OBJECTEXTEND TABS(2)

line level    source

   1           #include<reg51.h>
   2          sfr lcd_data_pin=0x80; 
   3          sbit rs=P3^5;  //Register select pin
   4          sbit rw=P3^6;  // Read write pin
   5          sbit en=P3^7;  //Enable pin
   6          
   7          void delay(unsigned int count)  // Function to provide time delay in msec.
   8          {
   9   1      int i,j;
  10   1      for(i=0;i<count;i++)
  11   1        for(j=0;j<1275;j++);
  12   1      }
  13          
  14          void lcd_command(unsigned char comm)  //Function to send commands to LCD.
  15          {
  16   1      lcd_data_pin=comm;
  17   1      en=1; 
  18   1      rs=0; 
  19   1      rw=0; 
  20   1      delay(1);
  21   1      en=0;
  22   1      }
  23          
  24          void lcd_data(unsigned char disp)  //Function to send data to LCD
  25          {
  26   1      lcd_data_pin=disp;
  27   1      en=1; 
  28   1      rs=1; 
  29   1      rw=0; 
  30   1      delay(1);
  31   1      en=0;
  32   1      }
  33          
  34          void lcd_ini()  //Function to initialize the LCD
  35          {
  36   1      lcd_command(0x38);  
  37   1      delay(2);
  38   1      lcd_command(0x0F); 
  39   1      delay(2);
  40   1      lcd_command(0x82);  //Set cursor to blink at line 1 positon 2
  41   1      delay(2);
  42   1      }
  43          
  44          void character()
  45          {
  46   1      lcd_command(64);  //Address where values of the first custom character is stored
  47   1      lcd_data(0);
  48   1      lcd_data(10);
  49   1      lcd_data(21);
  50   1      lcd_data(17);
  51   1      lcd_data(10);
  52   1      lcd_data(4);
  53   1      lcd_data(0);
  54   1      lcd_data(0);
  55   1      lcd_command(0xC0);  //Address of the location where the character is to be displayed
C51 COMPILER V9.51   LCD_CHARACTER                                                         03/08/2014 00:41:58 PAGE 2   

  56   1      lcd_data(0);  // Displaying the character created at address 0x64 
  57   1      delay(10);
  58   1      
  59   1      lcd_command(72);
  60   1      lcd_data(0);
  61   1      lcd_data(0);
  62   1      lcd_data(0);
  63   1      lcd_data(10);
  64   1      lcd_data(0);
  65   1      lcd_data(4);
  66   1      lcd_data(17);
  67   1      lcd_data(14);
  68   1      lcd_command(0x80);
  69   1      lcd_data(1);
  70   1      delay(10);
  71   1      
  72   1      lcd_command(80);
  73   1      lcd_data(0);
  74   1      lcd_data(0);
  75   1      lcd_data(10);
  76   1      lcd_data(0);
  77   1      lcd_data(4);
  78   1      lcd_data(0);
  79   1      lcd_data(14);
  80   1      lcd_data(17);
  81   1      lcd_command(0x82);
  82   1      lcd_data(2);
  83   1      delay(10);
  84   1      lcd_command(88);
  85   1      lcd_data(1);
  86   1      lcd_data(3);
  87   1      lcd_data(5);
  88   1      lcd_data(9);
  89   1      lcd_data(9);
  90   1      lcd_data(11);
  91   1      lcd_data(27);
  92   1      lcd_data(24);
  93   1      lcd_command(0x84);
  94   1      lcd_data(3);
  95   1      delay(10);
  96   1      
  97   1      lcd_command(96);
  98   1      lcd_data(0);
  99   1      lcd_data(10);
 100   1      lcd_data(0);
 101   1      lcd_data(31);
 102   1      lcd_data(17);
 103   1      lcd_data(14);
 104   1      lcd_data(0);
 105   1      lcd_data(0);
 106   1      lcd_command(0x86);
 107   1      lcd_data(4);
 108   1      delay(10);
 109   1      
 110   1      lcd_command(104);
 111   1      lcd_data(10);
 112   1      lcd_data(0);
 113   1      lcd_data(4);
 114   1      lcd_data(0);
 115   1      lcd_data(14);
 116   1      lcd_data(17);
 117   1      lcd_data(17);
C51 COMPILER V9.51   LCD_CHARACTER                                                         03/08/2014 00:41:58 PAGE 3   

 118   1      lcd_data(14);
 119   1      lcd_command(0xC2);
 120   1      lcd_data(5);
 121   1      delay(10);
 122   1      
 123   1      lcd_command(112);
 124   1      lcd_data(0);
 125   1      lcd_data(10);
 126   1      lcd_data(0);
 127   1      lcd_data(0);
 128   1      lcd_data(4);
 129   1      lcd_data(0);
 130   1      lcd_data(31);
 131   1      lcd_data(0);
 132   1      lcd_command(0xC4);
 133   1      lcd_data(6);
 134   1      delay(10);
 135   1      
 136   1      lcd_command(120);
 137   1      lcd_data(0);
 138   1      lcd_data(17);
 139   1      lcd_data(10);
 140   1      lcd_data(17);
 141   1      lcd_data(4);
 142   1      lcd_data(0);
 143   1      lcd_data(14);
 144   1      lcd_data(17);
 145   1      lcd_command(0xC6);
 146   1      lcd_data(7);
 147   1      delay(10);
 148   1      }
 149          
 150          void main()
 151          {
 152   1      lcd_ini();
 153   1      character();
 154   1      }


MODULE INFORMATION:   STATIC OVERLAYABLE
   CODE SIZE        =    482    ----
   CONSTANT SIZE    =   ----    ----
   XDATA SIZE       =   ----    ----
   PDATA SIZE       =   ----    ----
   DATA SIZE        =   ----    ----
   IDATA SIZE       =   ----    ----
   BIT SIZE         =   ----    ----
END OF MODULE INFORMATION.


C51 COMPILATION COMPLETE.  0 WARNING(S),  0 ERROR(S)
