C51 COMPILER V9.05   LCD_4                                                                 09/24/2012 16:27:25 PAGE 1   


C51 COMPILER V9.05, COMPILATION OF MODULE LCD_4
OBJECT MODULE PLACED IN lcd_4.OBJ
COMPILER INVOKED BY: C:\Keil\C51\BIN\C51.EXE lcd_4.c BROWSE DEBUG OBJECTEXTEND

line level    source

   1          #include <reg51.h>
   2          #include <string.h>
   3          
   4          #define LCD P1
   5          sbit en = P1^2;
   6          sbit rw = P1^1;
   7          sbit rs = P1^0;
   8          
   9          void lcd_cmd(unsigned char);
  10          void lcd_cmd1(unsigned char);
  11          void lcd_init(void);
  12          void lcd_data(unsigned char);
  13          void lcd_data1(unsigned char);
  14          void lcd_str(unsigned char *);
  15          void delay(unsigned char);
  16          void main(void)
  17          {
  18   1          lcd_init();
  19   1              lcd_str("WELCOME");
  20   1              lcd_cmd1(0xc7);
  21   1              lcd_str("HOME");
  22   1              while(1);       
  23   1      }
  24          void lcd_str(unsigned char *s)
  25          {       
  26   1              unsigned char l,i;
  27   1              l=strlen(s);
  28   1              for(i=0;i<l;i++)
  29   1              {
  30   2                      lcd_data1(*s);
  31   2                      s++;
  32   2              }
  33   1      }
  34          
  35          void lcd_init(void)
  36          {
  37   1              lcd_cmd1(0x02);
  38   1              delay(5);
  39   1              lcd_cmd1(0x28);
  40   1              delay(5);
  41   1              lcd_cmd1(0x01);
  42   1              delay(5);
  43   1              lcd_cmd1(0x0e);
  44   1              delay(5);
  45   1              lcd_cmd1(0x06);
  46   1              delay(5);
  47   1              lcd_cmd1(0x82);
  48   1              delay(5);
  49   1      }       
  50          void lcd_cmd(unsigned char value)
  51          {
  52   1              LCD=value;
  53   1              rs=0;
  54   1              rw=0;
  55   1              en=1;
C51 COMPILER V9.05   LCD_4                                                                 09/24/2012 16:27:25 PAGE 2   

  56   1              delay(5);
  57   1              en=0;
  58   1              delay(5);
  59   1      }
  60          void lcd_cmd1(unsigned char value)
  61          {
  62   1              unsigned char cd1;
  63   1              cd1=value & 0xf0;
  64   1              lcd_cmd(cd1);
  65   1              cd1=(value<<4) & 0xf0;
  66   1              lcd_cmd(cd1);
  67   1      }       
  68          void delay(unsigned char itime)
  69          {
  70   1      unsigned char i;
  71   1      unsigned int j;
  72   1      for(i=0;i<itime;i++)
  73   1      for(j=0;j<1275;j++);
  74   1      
  75   1      }
  76          void lcd_data(unsigned char value)
  77          {
  78   1              LCD=value;
  79   1              rs=1;
  80   1              rw=0;
  81   1              en=1;
  82   1              delay(5);
  83   1              en=0;
  84   1              delay(5);
  85   1      }
  86          void lcd_data1(unsigned char value)
  87          {
  88   1              unsigned char cd1;
  89   1              cd1=value & 0xf0;
  90   1              lcd_data(cd1);
  91   1              cd1=(value<<4) & 0xf0;
  92   1              lcd_data(cd1);
  93   1      }       
  94          


MODULE INFORMATION:   STATIC OVERLAYABLE
   CODE SIZE        =    231    ----
   CONSTANT SIZE    =     13    ----
   XDATA SIZE       =   ----    ----
   PDATA SIZE       =   ----    ----
   DATA SIZE        =   ----       6
   IDATA SIZE       =   ----    ----
   BIT SIZE         =   ----    ----
END OF MODULE INFORMATION.


C51 COMPILATION COMPLETE.  0 WARNING(S),  0 ERROR(S)
