C51 COMPILER V9.05   LED                                                                   08/02/2016 01:27:26 PAGE 1   


C51 COMPILER V9.05, COMPILATION OF MODULE LED
OBJECT MODULE PLACED IN led.OBJ
COMPILER INVOKED BY: C:\Keil\C51\BIN\C51.EXE led.c BROWSE DEBUG OBJECTEXTEND

line level    source

   1              #include<reg51.h> 
   2                                                                                                                    
             -                 
   3          #define led P1                      //port01 will be connected to leds 
   4          
   5          void display(unsigned char car);
   6                                                                        
   7          unsigned int del=50,k;    //variable to control 
   8          unsigned char msg[]="PROPELLER DISPLAY";
   9          
  10          void external0(void) interrupt 0
  11          {
  12   1       TR0=0;
  13   1       k=0;
  14   1       TH0=0xf9;
  15   1       TL0=0x69;
  16   1       TR0=1;
  17   1      
  18   1      }
  19            void timer0(void) interrupt 1
  20          {
  21   1      k++;
  22   1        display(msg[k]);
  23   1       TF0=0;
  24   1      }                                                                                         
  25          void delay(void)
  26          {
  27   1       unsigned int i,j;
  28   1              for(i=0;i<del;i++)
  29   1                      for(j=0;j<1275;j++);
  30   1      }
  31          void display(unsigned char cart)
  32          {
  33   1         switch(cart)
  34   1        {
  35   2              case 'A' : 
  36   2               {
  37   3          led=0x81;  delay( ); 
  38   3          led=0x6f;  delay( );  
  39   3              led=0x6f;  delay( ); 
  40   3              led=0x81;  delay( ); 
  41   3              led=0xff;  delay( );// to make one column gap between letters  
  42   3         } 
  43   2          break;
  44   2         case 'P' : 
  45   2         
  46   2         {
  47   3          led=0x01;  delay( ); 
  48   3          led=0xED;  delay( );  
  49   3              led=0xED;  delay( ); 
  50   3              led=0xF3;  delay( ); 
  51   3              led=0xff;  delay( );// to make one column gap between letters  
  52   3         } 
  53   2          break;
  54   2         case 'R' : 
C51 COMPILER V9.05   LED                                                                   08/02/2016 01:27:26 PAGE 2   

  55   2          {
  56   3          led=0x01;  delay( ); 
  57   3          led=0xED;  delay( );  
  58   3              led=0xED;  delay( ); 
  59   3              led=0x13;  delay( ); 
  60   3              led=0xff;  delay( );// to make one column gap between letters  
  61   3         } 
  62   2          break;
  63   2              case 'O':
  64   2           {
  65   3          led=0x83;  delay( ); 
  66   3          led=0x7D;  delay( );  
  67   3              led=0x7D;  delay( ); 
  68   3              led=0x83;  delay( ); 
  69   3              led=0xff;  delay( );// to make one column gap between letters  
  70   3         } 
  71   2          break;
  72   2              case 'E' :
  73   2           {
  74   3          led=0x01;  delay( ); 
  75   3          led=0x6D;  delay( );  
  76   3              led=0x7D;  delay( ); 
  77   3              led=0x7D;  delay( ); 
  78   3              led=0xff;  delay( );// to make one column gap between letters  
  79   3         } 
  80   2          break;
  81   2              case 'L' : 
  82   2         
  83   2         {
  84   3          led=0x01;  delay( ); 
  85   3          led=0x7f;  delay( );  
  86   3              led=0x7f;  delay( ); 
  87   3              led=0x7F;  delay( ); 
  88   3              led=0xff;  delay( );// to make one column gap between letters  
  89   3         } 
  90   2          break;case 'D' : // letter A
  91   2         
  92   2         {
  93   3          led=0x01;  delay( ); 
  94   3          led=0x7D;  delay( );  
  95   3              led=0xBB;  delay( ); 
  96   3              led=0xC7;  delay( ); 
  97   3              led=0xff;  delay( );// to make one column gap between letters  
  98   3         } 
  99   2          break;case 'I' : // letter A
 100   2         
 101   2         {
 102   3          led=0x7D;  delay( ); 
 103   3          led=0x7D;  delay( );  
 104   3              led=0x01;  delay( ); 
 105   3              led=0x7D;  delay( );
 106   3              led=0x7D;  delay( ); 
 107   3              led=0xff;  delay( );// to make one column gap between letters  
 108   3         } 
 109   2          break;
 110   2              case 'S':
 111   2              {
 112   3          led=0x73;  delay( ); 
 113   3          led=0x6D;  delay( );  
 114   3              led=0x5D;  delay( ); 
 115   3              led=0x9D;  delay( ); 
 116   3              led=0xff;  delay( );// to make one column gap between letters  
C51 COMPILER V9.05   LED                                                                   08/02/2016 01:27:26 PAGE 3   

 117   3         } 
 118   2          break;
 119   2              case 'Y' : // letter A
 120   2          {
 121   3          led=0xF1;  delay( ); 
 122   3          led=0xEf;  delay( );  
 123   3              led=0x1f;  delay( ); 
 124   3              led=0xEf;  delay( );  
 125   3              led=0xF1;  delay( ); 
 126   3              led=0xff;  delay( );// to make one column gap between letters  
 127   3         } 
 128   2          break;
 129   2         case ' ' : // space
 130   2         
 131   2         {
 132   3          led=0xff;  delay( );
 133   3              led=0xff;  delay( ); 
 134   3              led=0xff;  delay( );  
 135   3              led=0xff;  delay( ); 
 136   3              led=0xff;  delay( ); 
 137   3              led=0xff;  delay( ); 
 138   3          led=0xff;  delay( );// to make one column gap between letters 
 139   3        
 140   3         } break;
 141   2      
 142   2        default:
 143   2         led=0xfF;
 144   2         break;
 145   2      }
 146   1      }
 147          
 148          void main()
 149          {
 150   1        P2=0x00;
 151   1      TMOD=0x01;
 152   1      IE=0x83;
 153   1      IP=0x01;
 154   1      IT0=1;
 155   1      TH1=0xf9;
 156   1      TL0=0x69;
 157   1      led=0xff;
 158   1      
 159   1      TR0=1;
 160   1      while(1)
 161   1      {
 162   2        for(k=0;k<18;k++)
 163   2      {
 164   3        led=msg[k];
 165   3       
 166   3      }
 167   2      
 168   2      }
 169   1      }


MODULE INFORMATION:   STATIC OVERLAYABLE
   CODE SIZE        =    487    ----
   CONSTANT SIZE    =   ----    ----
   XDATA SIZE       =   ----    ----
   PDATA SIZE       =   ----    ----
   DATA SIZE        =     22    ----
   IDATA SIZE       =   ----    ----
C51 COMPILER V9.05   LED                                                                   08/02/2016 01:27:26 PAGE 4   

   BIT SIZE         =   ----    ----
END OF MODULE INFORMATION.


C51 COMPILATION COMPLETE.  0 WARNING(S),  0 ERROR(S)
