C51 COMPILER V9.05   ARRAY                                                                 01/20/2013 13:40:24 PAGE 1   


C51 COMPILER V9.05, COMPILATION OF MODULE ARRAY
OBJECT MODULE PLACED IN array.obj
COMPILER INVOKED BY: C:\Keil\C51\BIN\C51.EXE ASM\array.c BROWSE DEBUG OBJECTEXTEND PRINT(.\array.lst) OBJECT(array.obj)

line level    source

   1          #include<reg51.h>
   2          #define seg P1
   3          void delay(unsigned int msec);
   4          void main()
   5          {
   6   1      while(1)
   7   1      {
   8   2      seg=0xc0;
   9   2      delay(100);
  10   2      seg=0xf9;
  11   2      delay(100);
  12   2      seg=0xa4;
  13   2      delay(100);
  14   2      seg=0x99; 
  15   2      delay(100);
  16   2      seg=0x92;
  17   2      delay(100);
  18   2      seg=0x82;
  19   2      delay(100);
  20   2      seg=0xf8;
  21   2      delay(100);
  22   2      seg=0x80;
  23   2      delay(100);
  24   2      seg=0x90;
  25   2      delay(100);
  26   2      }
  27   1      }
  28          void delay(unsigned int msec)
  29          {
  30   1      unsigned int i,j;
  31   1      for(i=0;i<msec;i++)
  32   1      {
  33   2      for(j=0;j<1275;j++);
  34   2      }
  35   1      }


MODULE INFORMATION:   STATIC OVERLAYABLE
   CODE SIZE        =     92    ----
   CONSTANT SIZE    =   ----    ----
   XDATA SIZE       =   ----    ----
   PDATA SIZE       =   ----    ----
   DATA SIZE        =   ----    ----
   IDATA SIZE       =   ----    ----
   BIT SIZE         =   ----    ----
END OF MODULE INFORMATION.


C51 COMPILATION COMPLETE.  0 WARNING(S),  0 ERROR(S)
