C51 COMPILER V9.51   BVGVGJ                                                                07/30/2013 18:09:14 PAGE 1   


C51 COMPILER V9.51, COMPILATION OF MODULE BVGVGJ
OBJECT MODULE PLACED IN bvgvgj.OBJ
COMPILER INVOKED BY: C:\Keil\C51\BIN\C51.EXE bvgvgj.c BROWSE DEBUG OBJECTEXTEND TABS(2)

line level    source

   1          #include<reg51.h>
   2          void delay(void);
   3          void main()
   4          {
   5   1        unsigned char i;
   6   1        while(1)
   7   1        {
   8   2          for(i=0;i<255;i++)
   9   2          {
  10   3            P1=i;
  11   3            delay();
  12   3          }
  13   2        }
  14   1      }
  15          void delay(void)
  16          {
  17   1        unsigned int j;
  18   1            for(j=0;j<50000;j++);
  19   1      
  20   1      
  21   1      }


MODULE INFORMATION:   STATIC OVERLAYABLE
   CODE SIZE        =     46    ----
   CONSTANT SIZE    =   ----    ----
   XDATA SIZE       =   ----    ----
   PDATA SIZE       =   ----    ----
   DATA SIZE        =   ----       1
   IDATA SIZE       =   ----    ----
   BIT SIZE         =   ----    ----
END OF MODULE INFORMATION.


C51 COMPILATION COMPLETE.  0 WARNING(S),  0 ERROR(S)
