C51 COMPILER V9.05   DEGN                                                                  02/16/2013 14:20:56 PAGE 1   


C51 COMPILER V9.05, COMPILATION OF MODULE DEGN
OBJECT MODULE PLACED IN degn.OBJ
COMPILER INVOKED BY: C:\Keil\C51\BIN\C51.EXE degn.c BROWSE DEBUG OBJECTEXTEND

line level    source

   1          #include<reg51.h>
   2          sbit mot1_A=P2^0;
   3          sbit mot1_B=P2^1;
   4          sbit mot2_A=P2^2;
   5          sbit mot2_B=P2^3;
   6          
   7          void main()
   8          {
   9   1        while(1)
  10   1        {
  11   2              mot1_A=1;
  12   2              mot1_B=0;                // clockwise
  13   2                      mot2_A=0;
  14   2              mot2_B=1;                 //anticlockwise
  15   2          
  16   2      
  17   2        }
  18   1      
  19   1      }


MODULE INFORMATION:   STATIC OVERLAYABLE
   CODE SIZE        =     10    ----
   CONSTANT SIZE    =   ----    ----
   XDATA SIZE       =   ----    ----
   PDATA SIZE       =   ----    ----
   DATA SIZE        =   ----    ----
   IDATA SIZE       =   ----    ----
   BIT SIZE         =   ----    ----
END OF MODULE INFORMATION.


C51 COMPILATION COMPLETE.  0 WARNING(S),  0 ERROR(S)
