C51 COMPILER V9.05   DK2                                                                   01/20/2013 13:03:33 PAGE 1   


C51 COMPILER V9.05, COMPILATION OF MODULE DK2
OBJECT MODULE PLACED IN dk2.OBJ
COMPILER INVOKED BY: C:\Keil\C51\BIN\C51.EXE dk2.c BROWSE DEBUG OBJECTEXTEND

line level    source

   1          #include<reg51.h>
   2          void delay (unsigned int msec);
   3          void main()
   4          {
   5   1      unsigned char i,a,b,c;
   6   1      a=0x01;
   7   1      c=a;
   8   1      while(1)
   9   1      {
  10   2      for(i=0;i<8;i++)
  11   2      {
  12   3      b=~a;
  13   3      P2=b;
  14   3      c=c<<1;
  15   3      a=c;
  16   3      delay(100);
  17   3      }
  18   2      }
  19   1      }
  20          void delay(unsigned int msec)
  21          {
  22   1      unsigned int i,j;
  23   1      for(i=0;i<msec;i++)
  24   1      for(j=0;j<1275;j++);
  25   1      }


MODULE INFORMATION:   STATIC OVERLAYABLE
   CODE SIZE        =     74    ----
   CONSTANT SIZE    =   ----    ----
   XDATA SIZE       =   ----    ----
   PDATA SIZE       =   ----    ----
   DATA SIZE        =   ----       4
   IDATA SIZE       =   ----    ----
   BIT SIZE         =   ----    ----
END OF MODULE INFORMATION.


C51 COMPILATION COMPLETE.  0 WARNING(S),  0 ERROR(S)
