C51 COMPILER V9.05   DK3                                                                   01/31/2013 16:53:27 PAGE 1   


C51 COMPILER V9.05, COMPILATION OF MODULE DK3
OBJECT MODULE PLACED IN dk3.OBJ
COMPILER INVOKED BY: C:\Keil\C51\BIN\C51.EXE dk3.c BROWSE DEBUG OBJECTEXTEND

line level    source

   1          #include<reg51.h>
   2          #include<string.h>
   3          #define seg P3
   4          #define led P1
   5          #define lcd P0
   6          
   7          sbit row1=P2^0;
   8          sbit row2=P2^1;
   9          sbit row3=P2^2;
  10          sbit col1=P2^3;
  11          sbit col2=P2^4;
  12          sbit col3=P2^5;
  13          sbit rs=P2^6;
  14          sbit en=P2^7;
  15          
  16          void init_lcd(void);
  17          void writecmd(unsigned char);
  18          void writedata(unsigned char);
  19          void delaylcd(unsigned char);
  20          void writestr(unsigned char *s);
  21          void msdelay(unsigned int value);
  22          unsigned char keysense(void);
  23          
  24          void delaylcd(unsigned char a)
  25          {
  26   1        int i,j;
  27   1        for(i=0;i<a;i++)
  28   1                      for(j=0;j<1275;j++);
  29   1      }
  30          
  31          unsigned char keysense(void)
  32          {
  33   1              while(1)
  34   1              {
  35   2                      col1=0;
  36   2                      col2=1;
  37   2                      col3=1;
  38   2                      if(row1==0)     
  39   2                              return(1);
  40   2                      if(row2==0)
  41   2                              return(4);
  42   2                      if(row3==0)
  43   2                              return(7);
  44   2              //      if(row4==0)
  45   2              //              return('*');
  46   2                      col1=1;
  47   2                      col2=0;
  48   2                      col3=1;
  49   2                      if(row1==0)
  50   2                              return(2);
  51   2                      if(row2==0)
  52   2                              return(5);
  53   2                      if(row3==0)
  54   2                              return(8);
  55   2              //      if(row4==0)
C51 COMPILER V9.05   DK3                                                                   01/31/2013 16:53:27 PAGE 2   

  56   2              //              return(0);              
  57   2                      col1=1;
  58   2                      col2=1;
  59   2                      col3=0;
  60   2                      if(row1==0)
  61   2                              return(3);
  62   2                      if(row2==0)
  63   2                              return(6);
  64   2                      if(row3==0)
  65   2                              return(9);
  66   2              //      if(row4==0)
  67   2              //              return('#');
  68   2                      msdelay(50);
  69   2              };
  70   1      }        
  71          
  72          void msdelay(unsigned int value)
  73          {
  74   1              unsigned int x,y;
  75   1              for(x=0;x<value;x++)
  76   1                      for(y=0;y<325;y++);
  77   1      }  
  78          void writestr(unsigned char *s)
  79          {       
  80   1              unsigned char l,i;
  81   1              l=strlen(s);
  82   1              for(i=0;i<l;i++)
  83   1              {
  84   2                      writedata(*s);
  85   2                      s++;
  86   2                      msdelay(50);
  87   2              }
  88   1      }
  89          
  90          void writecmd(unsigned char a)
  91          {
  92   1              rs=0;
  93   1              lcd=a;
  94   1              //rw=0;
  95   1              en=1;
  96   1              delaylcd(5);
  97   1              en=0;
  98   1              return;
  99   1      }
 100          
 101          void writedata(unsigned char b)
 102          {
 103   1              rs=1;
 104   1              lcd=b;
 105   1              //rw=0;
 106   1              en=1;
 107   1              delaylcd(5);
 108   1              en=0;
 109   1              return;
 110   1      }
 111          void init_lcd(void)
 112          {
 113   1              writecmd(0x38);
 114   1              writecmd(0x0e);
 115   1              writecmd(0x01);
 116   1              writecmd(0x06);
 117   1              writecmd(0x80);
C51 COMPILER V9.05   DK3                                                                   01/31/2013 16:53:27 PAGE 3   

 118   1      }
 119          
 120          void main()
 121          {
 122   1              unsigned char a;
 123   1              char arr[]={0xC0,0xF9,0xA4,0xB0,0x99,0x92,0x82,0xF8,0x80,0x90};
 124   1              init_lcd();
 125   1              P2=0x07;
 126   1              while(1)
 127   1              {
 128   2               writecmd(0x80);
 129   2              writestr("KEY SENSED"); 
 130   2              a=keysense();
 131   2              switch(a)
 132   2              {
 133   3            /* case 0: 
 134   3                      seg=arr[a];
 135   3                              writecmd(0xc5);
 136   3                              writestr("KEY 0");
 137   3                              led=0xff;
 138   3                              msdelay(50);
 139   3                              break;   */
 140   3              case 1: 
 141   3                     writecmd(0xc5);
 142   3                         seg=arr[a];
 143   3                              writestr("KEY 1");
 144   3                              led=0xfe;
 145   3                              msdelay(50);
 146   3                              break;
 147   3              case 2: writecmd(0xc5);
 148   3                          seg=arr[a];
 149   3                              writestr("KEY 2");
 150   3                              led=0xfd;
 151   3                              msdelay(50);
 152   3                              break;
 153   3          case 3: writecmd(0xc5);
 154   3                              seg=arr[a];
 155   3                              writestr("KEY 3");
 156   3                              led=0xfc;
 157   3                              msdelay(50);
 158   3                              break;
 159   3              case 4:  writecmd(0xc5);
 160   3                              seg=arr[a];
 161   3                              writestr("KEY 4");
 162   3                              led=0xfb;
 163   3                              msdelay(50);
 164   3                              break;
 165   3              case 5:   writecmd(0xc5);
 166   3                                seg=arr[a];
 167   3                              writestr("KEY 5");
 168   3                              led=0xfa;
 169   3                              msdelay(50);
 170   3                              break;
 171   3              case 6:  writecmd(0xc5);
 172   3                              seg=arr[a];
 173   3                              writestr("KEY 6");
 174   3                              led=0xf9;
 175   3                              msdelay(50);
 176   3                              break;
 177   3              case 7:  writecmd(0xc5);
 178   3                              seg=arr[a];
 179   3                              writestr("KEY 7");
C51 COMPILER V9.05   DK3                                                                   01/31/2013 16:53:27 PAGE 4   

 180   3                              led=0xf8;
 181   3                              msdelay(50);
 182   3                              break;
 183   3              case 8:  writecmd(0xc5);
 184   3                              seg=arr[a];
 185   3                              writestr("KEY 8");
 186   3                              led=0xf7;
 187   3                              msdelay(50);
 188   3                              break;
 189   3              case 9: writecmd(0xc5);
 190   3                              seg=arr[a];
 191   3                              writestr("KEY 9");
 192   3                              led=0xf6;
 193   3                  msdelay(50);
 194   3                              break;
 195   3              default:
 196   3                              break;
 197   3      
 198   3      }
 199   2           }
 200   1      
 201   1      }
 202          
 203          


MODULE INFORMATION:   STATIC OVERLAYABLE
   CODE SIZE        =    597    ----
   CONSTANT SIZE    =     75    ----
   XDATA SIZE       =   ----    ----
   PDATA SIZE       =   ----    ----
   DATA SIZE        =   ----      16
   IDATA SIZE       =   ----    ----
   BIT SIZE         =   ----    ----
END OF MODULE INFORMATION.


C51 COMPILATION COMPLETE.  0 WARNING(S),  0 ERROR(S)
