C51 COMPILER V9.05   DKS                                                                   01/19/2013 20:00:50 PAGE 1   


C51 COMPILER V9.05, COMPILATION OF MODULE DKS
OBJECT MODULE PLACED IN dks.OBJ
COMPILER INVOKED BY: C:\Keil\C51\BIN\C51.EXE dks.c BROWSE DEBUG OBJECTEXTEND

line level    source

   1          #include<reg51.h>
   2          #define led P2
   3          void delay(unsigned char msec);
   4          void main()
   5          {
   6   1      while(1)
   7   1      {
   8   2      led=0x0F;
   9   2      delay(100);
  10   2      led=0xF0;
  11   2      delay(100);
  12   2      }
  13   1      }
  14          void delay(unsigned char msec)
  15          {
  16   1      unsigned int i,j;
  17   1      for(i=0;i<msec;i++)
  18   1      
  19   1      for(j=0;j<1275;j++);
  20   1      }


MODULE INFORMATION:   STATIC OVERLAYABLE
   CODE SIZE        =     53    ----
   CONSTANT SIZE    =   ----    ----
   XDATA SIZE       =   ----    ----
   PDATA SIZE       =   ----    ----
   DATA SIZE        =   ----    ----
   IDATA SIZE       =   ----    ----
   BIT SIZE         =   ----    ----
END OF MODULE INFORMATION.


C51 COMPILATION COMPLETE.  0 WARNING(S),  0 ERROR(S)
