C51 COMPILER V9.05   DKS1                                                                  01/28/2013 17:39:53 PAGE 1   


C51 COMPILER V9.05, COMPILATION OF MODULE DKS1
OBJECT MODULE PLACED IN dks1.OBJ
COMPILER INVOKED BY: C:\Keil\C51\BIN\C51.EXE dks1.c BROWSE DEBUG OBJECTEXTEND

line level    source

   1          #include<reg51.h>
   2          #include<string.h>
   3          #define lcd P0
   4          sbit rs=P3^0 ;
   5          sbit rw=P3^1;
   6          sbit en=P3^2;
   7          void character(void);
   8          void lcd_str(unsigned char *);
   9          void lcd_cmd(unsigned char);
  10          void lcd_data(unsigned char);
  11          void delay(unsigned char);
  12          void lcd_cmd1(unsigned char value)
  13          {
  14   1      unsigned char cd1;
  15   1      cd1=value & 0xf0;
  16   1      lcd_cmd(cd1);
  17   1      cd1=(value<<4) & 0xf0;
  18   1      lcd_cmd(cd1);
  19   1      }
  20          void lcd_init(void);
  21          void main()
  22          { 
  23   1      lcd_init();
  24   1      while(1)
  25   1      {
  26   2      character();
  27   2      }
  28   1      }
  29          void lcd_cmd(unsigned char a)
  30          {  
  31   1      lcd=a;
  32   1      rs=0;
  33   1      rw=0;
  34   1      en=1;
  35   1      delay(1);
  36   1      en=0;
  37   1      }
  38          void lcd_data(unsigned char b)
  39          {
  40   1      lcd=b;
  41   1      rs=1;
  42   1      rw=0;
  43   1      en=1;
  44   1      delay(1);
  45   1      en=0;
  46   1      }
  47          void delay(unsigned char msec)
  48          {
  49   1      unsigned int i,j;
  50   1      for(i=0;i<msec;i++)
  51   1      for(j=0;j<1275;j++);
  52   1      }
  53          void lcd_init(void)
  54          {
  55   1      lcd_cmd(0x38);
C51 COMPILER V9.05   DKS1                                                                  01/28/2013 17:39:53 PAGE 2   

  56   1      lcd_cmd(0x01);
  57   1      lcd_cmd(0x06);
  58   1      lcd_cmd(0x0e);
  59   1      lcd_cmd(0x80);
  60   1      }
  61          void character(void)
  62          {
  63   1      lcd_cmd(64);
  64   1      lcd_data(2);
  65   1      lcd_data(6);
  66   1      lcd_data(14);
  67   1      lcd_data(11);
  68   1      lcd_data(11);
  69   1      lcd_data(24);
  70   1      lcd_data(24);
  71   1      lcd_cmd(0x85);
  72   1      lcd_data(0);
  73   1      delay(2);
  74   1      }
  75          
  76          void lcd_str(unsigned char *s)
  77          {
  78   1              unsigned char l,i;
  79   1              l=strlen(s);
  80   1              for(i=0;i<l;i++)
  81   1              {
  82   2              lcd_data(*s);
  83   2              s++;
  84   2              }
  85   1      }                          


MODULE INFORMATION:   STATIC OVERLAYABLE
   CODE SIZE        =    218    ----
   CONSTANT SIZE    =   ----    ----
   XDATA SIZE       =   ----    ----
   PDATA SIZE       =   ----    ----
   DATA SIZE        =   ----       6
   IDATA SIZE       =   ----    ----
   BIT SIZE         =   ----    ----
END OF MODULE INFORMATION.


C51 COMPILATION COMPLETE.  0 WARNING(S),  0 ERROR(S)
