C51 COMPILER V9.05   LED1                                                                  07/03/2012 14:53:45 PAGE 1   


C51 COMPILER V9.05, COMPILATION OF MODULE LED1
OBJECT MODULE PLACED IN led1.OBJ
COMPILER INVOKED BY: C:\Keil\C51\BIN\C51.EXE led1.c BROWSE DEBUG OBJECTEXTEND

line level    source

   1          #include<reg51.h>
   2          void delay(unsigned int);
   3          
   4          void main(void)
   5          {
   6   1          while(1)
   7   1              {
   8   2                P2=0x00;
   9   2                delay(250);
  10   2                P2=0xFF;
  11   2                 delay(250);
  12   2              }
  13   1      
  14   1      }
  15          void delay(unsigned int a)
  16          {
  17   1        unsigned int i,j;
  18   1        for(i=0;i<a;i++)
  19   1                for(j=0;j<1275;j++);
  20   1      
  21   1      }


MODULE INFORMATION:   STATIC OVERLAYABLE
   CODE SIZE        =     53    ----
   CONSTANT SIZE    =   ----    ----
   XDATA SIZE       =   ----    ----
   PDATA SIZE       =   ----    ----
   DATA SIZE        =   ----    ----
   IDATA SIZE       =   ----    ----
   BIT SIZE         =   ----    ----
END OF MODULE INFORMATION.


C51 COMPILATION COMPLETE.  0 WARNING(S),  0 ERROR(S)
