C51 COMPILER V9.51   NEW2                                                                  08/02/2013 15:49:15 PAGE 1   


C51 COMPILER V9.51, COMPILATION OF MODULE NEW2
OBJECT MODULE PLACED IN new2.OBJ
COMPILER INVOKED BY: C:\Keil\C51\BIN\C51.EXE new2.c BROWSE DEBUG OBJECTEXTEND TABS(2)

line level    source

   1          #include<reg51.h>
   2          void delay(void);
   3          void main()
   4          {
   5   1        unsigned char arr[]="012345ABCD";
   6   1        unsigned char i;
   7   1        while(1)
   8   1      {
   9   2      for(i=0;i<10;i++)
  10   2      {
  11   3      P1=arr[i];
  12   3      delay();  
  13   3      }
  14   2      }
  15   1      }
  16          void delay(void)
  17          {
  18   1        unsigned int i;
  19   1        for(i=0;i<50000;i++);
  20   1      }


MODULE INFORMATION:   STATIC OVERLAYABLE
   CODE SIZE        =     70    ----
   CONSTANT SIZE    =     11    ----
   XDATA SIZE       =   ----    ----
   PDATA SIZE       =   ----    ----
   DATA SIZE        =   ----      12
   IDATA SIZE       =   ----    ----
   BIT SIZE         =   ----    ----
END OF MODULE INFORMATION.


C51 COMPILATION COMPLETE.  0 WARNING(S),  0 ERROR(S)
