C51 COMPILER V9.51   NEW3                                                                  08/02/2013 15:31:54 PAGE 1   


C51 COMPILER V9.51, COMPILATION OF MODULE NEW3
OBJECT MODULE PLACED IN new3.OBJ
COMPILER INVOKED BY: C:\Keil\C51\BIN\C51.EXE new3.c BROWSE DEBUG OBJECTEXTEND TABS(2)

line level    source

   1          #include<reg51.h>
   2          void delay(void);
   3          void main()
   4          {
   5   1        while(1)
   6   1      {
   7   2      P2=0x00;
   8   2      delay();
   9   2      P2=0xFF;
  10   2      delay();
  11   2      
  12   2      }
  13   1      }
  14          void delay(void)
  15          {
  16   1        unsigned int i;
  17   1        for(i=0;i<50000;i++);
  18   1      }


MODULE INFORMATION:   STATIC OVERLAYABLE
   CODE SIZE        =     40    ----
   CONSTANT SIZE    =   ----    ----
   XDATA SIZE       =   ----    ----
   PDATA SIZE       =   ----    ----
   DATA SIZE        =   ----    ----
   IDATA SIZE       =   ----    ----
   BIT SIZE         =   ----    ----
END OF MODULE INFORMATION.


C51 COMPILATION COMPLETE.  0 WARNING(S),  0 ERROR(S)
