C51 COMPILER V9.51   PARESHAANT                                                            03/24/2013 11:46:55 PAGE 1   


C51 COMPILER V9.51, COMPILATION OF MODULE PARESHAANT
OBJECT MODULE PLACED IN pareshaant.OBJ
COMPILER INVOKED BY: C:\Keil\C51\BIN\C51.EXE pareshaant.c BROWSE DEBUG OBJECTEXTEND TABS(2)

line level    source

   1          #include<reg51.h>
   2          
   3          #define led P1
   4          void delay(unsigned char);
   5          void main()
   6          {
   7   1          while(1)
   8   1          {
   9   2            led=0x00;
  10   2            delay(70);
  11   2            led=0xff;
  12   2      delay(70);
  13   2          }
  14   1      }
  15          void delay(unsigned char msec)
  16          
  17          {
  18   1      unsigned char i;
  19   1      unsigned int j;
  20   1        for(i=0;i<msec;i++)
  21   1        for(j=0;j<1275;j++);
  22   1      }


MODULE INFORMATION:   STATIC OVERLAYABLE
   CODE SIZE        =     43    ----
   CONSTANT SIZE    =   ----    ----
   XDATA SIZE       =   ----    ----
   PDATA SIZE       =   ----    ----
   DATA SIZE        =   ----    ----
   IDATA SIZE       =   ----    ----
   BIT SIZE         =   ----    ----
END OF MODULE INFORMATION.


C51 COMPILATION COMPLETE.  0 WARNING(S),  0 ERROR(S)
