C51 COMPILER V9.51   QUES                                                                  04/17/2013 13:39:24 PAGE 1   


C51 COMPILER V9.51, COMPILATION OF MODULE QUES
OBJECT MODULE PLACED IN ques.OBJ
COMPILER INVOKED BY: C:\Keil\C51\BIN\C51.EXE ques.c BROWSE DEBUG OBJECTEXTEND TABS(2)

line level    source

   1          #include<reg51.h>
   2          #define led P1 
   3          void main()
   4          {
   5   1      unsigned char i;
   6   1        while(1)
   7   1        {
   8   2      for(i=0;i<255;i++)
   9   2        led=i;
  10   2      
  11   2      }
  12   1      
  13   1      
  14   1      }


MODULE INFORMATION:   STATIC OVERLAYABLE
   CODE SIZE        =     10    ----
   CONSTANT SIZE    =   ----    ----
   XDATA SIZE       =   ----    ----
   PDATA SIZE       =   ----    ----
   DATA SIZE        =   ----    ----
   IDATA SIZE       =   ----    ----
   BIT SIZE         =   ----    ----
END OF MODULE INFORMATION.


C51 COMPILATION COMPLETE.  0 WARNING(S),  0 ERROR(S)
