C51 COMPILER V9.05   SNCFDBDAJH                                                            02/21/2013 11:42:48 PAGE 1   


C51 COMPILER V9.05, COMPILATION OF MODULE SNCFDBDAJH
OBJECT MODULE PLACED IN sncfdbdajh.OBJ
COMPILER INVOKED BY: C:\Keil\C51\BIN\C51.EXE sncfdbdajh.c BROWSE DEBUG OBJECTEXTEND

line level    source

   1           #include<reg51.h>
   2          //sbit sense=P1^1;
   3          sbit motor=P1^4;
   4          void main()
   5          {  //sense=1;
   6   1      
   7   1         while(1)
   8   1         {
   9   2                 motor=1;
  10   2              
  11   2              }
  12   1      }


MODULE INFORMATION:   STATIC OVERLAYABLE
   CODE SIZE        =      4    ----
   CONSTANT SIZE    =   ----    ----
   XDATA SIZE       =   ----    ----
   PDATA SIZE       =   ----    ----
   DATA SIZE        =   ----    ----
   IDATA SIZE       =   ----    ----
   BIT SIZE         =   ----    ----
END OF MODULE INFORMATION.


C51 COMPILATION COMPLETE.  0 WARNING(S),  0 ERROR(S)
