C51 COMPILER V9.05   START4                                                                01/18/2013 16:50:58 PAGE 1   


C51 COMPILER V9.05, COMPILATION OF MODULE START4
OBJECT MODULE PLACED IN start4.OBJ
COMPILER INVOKED BY: C:\Keil\C51\BIN\C51.EXE start4.c BROWSE DEBUG OBJECTEXTEND

line level    source

   1          #include<reg51.h>
   2          sbit led = P1^1;
   3          void delay(unsigned char msec);
   4          void main()
   5          {
   6   1        while(1)
   7   1        {
   8   2        led=0;
   9   2        delay(100);
  10   2        led=1;
  11   2        delay(100);
  12   2        }
  13   1      
  14   1      }
  15          void delay(unsigned char msec)
  16          {
  17   1        unsigned int i,j;
  18   1        for(i=0;i<msec;i++)
  19   1          for(j=0;j<1275;j++);
  20   1      }


MODULE INFORMATION:   STATIC OVERLAYABLE
   CODE SIZE        =     51    ----
   CONSTANT SIZE    =   ----    ----
   XDATA SIZE       =   ----    ----
   PDATA SIZE       =   ----    ----
   DATA SIZE        =   ----    ----
   IDATA SIZE       =   ----    ----
   BIT SIZE         =   ----    ----
END OF MODULE INFORMATION.


C51 COMPILATION COMPLETE.  0 WARNING(S),  0 ERROR(S)
