C51 COMPILER V9.05   TT                                                                    02/02/2013 14:08:30 PAGE 1   


C51 COMPILER V9.05, COMPILATION OF MODULE TT
OBJECT MODULE PLACED IN tt.OBJ
COMPILER INVOKED BY: C:\Keil\C51\BIN\C51.EXE tt.c BROWSE DEBUG OBJECTEXTEND

line level    source

   1           #include<reg51.h>
   2          #include<string.h>
   3          #define LCD P0
   4          sbit rs=P0^0;
   5          sbit rw=P0^1;
   6          sbit en=P0^2;
   7          sbit row1=P3^0;
   8          sbit row2=P3^1;
   9          sbit row3=P3^2;
  10          sbit col1=P3^5;
  11          sbit col2=P3^6;
  12          sbit col3=P3^7;
  13          sbit led1=P2^0;
  14          sbit led2=P2^1;
  15          sbit led3=P2^2;
  16          sbit led4=P2^3;
  17          sbit led5=P2^4;
  18          sbit led6=P2^5;
  19          
  20          void lcd_cmd(unsigned char);
  21          void lcd_cmd1(unsigned char);
  22          void lcd_init(void);
  23          void lcd_data(unsigned char);
  24          void lcd_data1(unsigned char);
  25          void lcd_str(unsigned char *);
  26          void delay(unsigned char);
  27          unsigned char keysense(void);
  28          void player2(void);
  29          void player1(void);
  30          void selctmode(void);
  31          /*void timer0(void) interrupt 1
  32          {
  33                  led4=~led4;
  34                  led5=~led5;
  35                  led6=~led6;
  36                  //  delay(10);
  37          }*/
  38          unsigned char keysense(void)
  39          {
  40   1              while(1)
  41   1              {
  42   2                      col1=0;
  43   2                      col2=1;
  44   2                      col3=1;
  45   2                      if(row1==0)     
  46   2                              return(1);
  47   2                      if(row2==0)
  48   2                              return(4);
  49   2                      if(row3==0)
  50   2                              return(7);
  51   2                      col1=1;
  52   2                      col2=0;
  53   2                      col3=1;
  54   2                      if(row1==0)
  55   2                              return(2);
C51 COMPILER V9.05   TT                                                                    02/02/2013 14:08:30 PAGE 2   

  56   2                      if(row2==0)
  57   2                              return(5);
  58   2                      if(row3==0)
  59   2                              return(8);
  60   2                      col1=1;
  61   2                      col2=1;
  62   2                      col3=0;
  63   2                      if(row1==0)
  64   2                              return(3);
  65   2                      if(row2==0)
  66   2                              return(6);
  67   2                      if(row3==0)
  68   2                              return(9);
  69   2              };
  70   1      }        
  71          
  72          void lcd_str(unsigned char *s)
  73          {       
  74   1              unsigned char l,i;
  75   1              l=strlen(s);
  76   1              for(i=0;i<l;i++)
  77   1              {
  78   2                      lcd_data1(*s);
  79   2                      s++;
  80   2              }
  81   1      }
  82          
  83          void lcd_init(void)
  84          {
  85   1              lcd_cmd1(0x02);
  86   1              delay(5);
  87   1              lcd_cmd1(0x28);
  88   1              delay(5);
  89   1              lcd_cmd1(0x01);
  90   1              delay(5);
  91   1              lcd_cmd1(0x0e);
  92   1              delay(5);
  93   1              lcd_cmd1(0x06);
  94   1              delay(5);
  95   1              lcd_cmd1(0x82);
  96   1              delay(5);
  97   1      }       
  98          void lcd_cmd(unsigned char value)
  99          {
 100   1              LCD=value;
 101   1              rs=0;
 102   1              rw=0;
 103   1              en=1;
 104   1              delay(5);
 105   1              en=0;
 106   1              delay(5);
 107   1      }
 108          void lcd_cmd1(unsigned char value)
 109          {
 110   1              unsigned char cd1;
 111   1              cd1=value & 0xf0;
 112   1              lcd_cmd(cd1);
 113   1              cd1=(value<<4) & 0xf0;
 114   1              lcd_cmd(cd1);
 115   1      }       
 116          void delay(unsigned char itime)
 117          {
C51 COMPILER V9.05   TT                                                                    02/02/2013 14:08:30 PAGE 3   

 118   1      unsigned char i;
 119   1      unsigned int j;
 120   1      for(i=0;i<itime;i++)
 121   1      for(j=0;j<1275;j++);
 122   1      
 123   1      }
 124          void lcd_data(unsigned char value)
 125          {
 126   1              LCD=value;
 127   1              rs=1;
 128   1              rw=0;
 129   1              en=1;
 130   1              delay(5);
 131   1              en=0;
 132   1              delay(5);
 133   1      }
 134          void lcd_data1(unsigned char value)
 135          {
 136   1              unsigned char cd1;
 137   1              cd1=value & 0xf0;
 138   1              lcd_data(cd1);
 139   1              cd1=(value<<4) & 0xf0;
 140   1              lcd_data(cd1);
 141   1      }       
 142          void selctmode(void)
 143          {
 144   1           unsigned char k;
 145   1              aa: lcd_cmd1(0x80);
 146   1               lcd_str("Select Ur mode");
 147   1               lcd_cmd1(0xc0);
 148   1                      lcd_str("1. 1P 2. 2P");
 149   1                      k=keysense();
 150   1                      if(k==1)
 151   1                        {
 152   2                          lcd_cmd1(0x01);
 153   2                      lcd_str("1 Player Mode");
 154   2                        player1();
 155   2                        }
 156   1                        else if(k==2)
 157   1                        {
 158   2                                  lcd_cmd1(0x01);
 159   2                      lcd_str("2 Player Mode");
 160   2                       player2();
 161   2                        }
 162   1                      else
 163   1                         {
 164   2                           lcd_cmd1(0x01);
 165   2                      lcd_str("wrong selection");
 166   2                      goto aa;
 167   2                      
 168   2                         }
 169   1                         
 170   1      }
 171          void player2(void)
 172          {       unsigned char k;
 173   1           
 174   1               led1=led2=led3=1;
 175   1               led4=led5=led6=0;
 176   1                
 177   1                 TR0=0;
 178   1                lcd_cmd1(0x01);
 179   1                lcd_str("Player 1 turn");
C51 COMPILER V9.05   TT                                                                    02/02/2013 14:08:30 PAGE 4   

 180   1               
 181   1                k=keysense();
 182   1                led4=led5=led6=1;      
 183   1              
 184   1                  
 185   1                      
 186   1               switch(k)
 187   1              {
 188   2              case 1: led1=1;led2=0;led3=0;led4=0;led5=1;led6=1;
 189   2                      break;
 190   2              case 2: led1=1;led2=0;led3=0;led5=0;led4=1;led6=1;
 191   2                      break;
 192   2          case 3: led1=1;led2=0;led3=0;led6=0;led5=1;led4=1;
 193   2                      break;
 194   2              case 4: led2=1;led1=0;led3=0;led4=0;led5=1;led6=1;
 195   2                              break;
 196   2              case 5: led2=1;led1=0;led3=0;led5=0;led4=1;led6=1;
 197   2                              break;
 198   2              case 6: led2=1;led1=0;led3=0;led6=0;led5=1;led4=1;
 199   2                              break;
 200   2              case 7: led3=1;led1=0;led2=0;led4=0;led5=1;led6=1;
 201   2                              break;
 202   2              case 8: led3=1;led5=0;led1=0;led2=0;led4=1;led6=1;
 203   2                              break;
 204   2              case 9: led3=1;led6=0;led1=0;led2=0;led5=1;led4=1;
 205   2                              break;
 206   2              default:
 207   2                              break;
 208   2      
 209   2              }
 210   1         lcd_cmd1(0x01);
 211   1                lcd_str("Player 2 turn");
 212   1                
 213   1      }
 214          void main()
 215          {
 216   1              unsigned char a;
 217   1              //IE=0x82;
 218   1              //TMOD=0x02;
 219   1              //TH0=0xd2;
 220   1              P3=0x07;
 221   1              //char arr[]={0xC0,0xF9,0xA4,0xB0,0x99,0x92,0x82,0xF8,0x80,0x90};
 222   1                      lcd_init();
 223   1                      lcd_str("WELCOME To");
 224   1                      lcd_cmd1(0xc0);
 225   1                      lcd_str("TIC TAC TOE");
 226   1                      lcd_cmd1(0x01);
 227   1              while(1)
 228   1              { selctmode();
 229   2              a=keysense();
 230   2              switch(a)
 231   2              {
 232   3         case 0: 
 233   3                              break;
 234   3              case 1: 
 235   3                      break;
 236   3              case 2: 
 237   3                      break;
 238   3          case 3: 
 239   3                      break;
 240   3              case 4: 
 241   3                              break;
C51 COMPILER V9.05   TT                                                                    02/02/2013 14:08:30 PAGE 5   

 242   3              case 5: 
 243   3                              break;
 244   3              case 6: 
 245   3                              break;
 246   3              case 7: 
 247   3                              break;
 248   3              case 8: 
 249   3                              break;
 250   3              case 9: 
 251   3                              break;
 252   3              default:
 253   3                              break;
 254   3      
 255   3              }
 256   2       }
 257   1      
 258   1      }
 259          
 260          


MODULE INFORMATION:   STATIC OVERLAYABLE
   CODE SIZE        =    598    ----
   CONSTANT SIZE    =    122    ----
   XDATA SIZE       =   ----    ----
   PDATA SIZE       =   ----    ----
   DATA SIZE        =   ----       7
   IDATA SIZE       =   ----    ----
   BIT SIZE         =   ----    ----
END OF MODULE INFORMATION.


C51 COMPILATION COMPLETE.  0 WARNING(S),  0 ERROR(S)
