C51 COMPILER V9.01   TEM_FAN                                                               05/05/2016 16:09:34 PAGE 1   


C51 COMPILER V9.01, COMPILATION OF MODULE TEM_FAN
OBJECT MODULE PLACED IN tem_fan.OBJ
COMPILER INVOKED BY: C:\Keil\C51\BIN\C51.EXE tem_fan.c BROWSE DEBUG OBJECTEXTEND

line level    source

   1          #include<reg51.h>
   2          
   3          void _nop_(void);
   4          
   5          #define delay_us _nop_(); //generates 1 microsecond
   6          #define LCD P2
   7          #define ADC_OUT P1
   8          sbit RS=P3^4; //connect p3.0 to rs pin of lcd
   9          sbit EN=P3^6; //connect p3.2 to en pin of lcd
  10          sbit RW=P3^5; //connect p3.1 to en pin of lcd
  11          
  12          sbit intr = P3^3;
  13          sbit wr = P3^2;
  14          sbit rd = P3^1;
  15          sbit fan=P3^0;
  16          sbit led1=P0^3;
  17          sbit led2=P0^4;
  18          sbit led3=P0^5;
  19          sbit led4=P0^6;
  20          
  21          
  22          void init_lcd(void);
  23          void cmd_lcd(unsigned char);
  24          void write_lcd(unsigned char);
  25          void display_lcd(unsigned char *);
  26          void delay_ms(unsigned int);
  27          void temp();                                                             //for temperature 
  28          void convertAndDisplay(unsigned char value);
  29          void timer(unsigned char);
  30          void temp_check(unsigned char);
  31          unsigned char pwm_width;
  32          bit pwm_flag = 0;
  33          
  34          void main()
  35          {
  36   1                      pwm_width = 160;
  37   1              EA = 1;  //Enable Interrupt
  38   1              ET0 = 1;  // enable Timer interrupt
  39   1              TR0 = 1;    //Start Timer       
  40   1          TMOD=0x02;
  41   1              //TH1=0xd2;
  42   1              init_lcd();
  43   1              cmd_lcd(0x82);
  44   1              display_lcd("TEMP:");
  45   1         while(1)
  46   1         {
  47   2              temp();  
  48   2         }
  49   1      }
  50          
  51          
  52          
  53          void timer0() interrupt 1 {
  54   1               // Function for timer
  55   1      
C51 COMPILER V9.01   TEM_FAN                                                               05/05/2016 16:09:34 PAGE 2   

  56   1              unsigned char i;
  57   1              TR0=1;
  58   1              for(i=0;i<10;i++)
  59   1              {
  60   2                      while(TF0==0);
  61   2                      TF0=0;
  62   2              }
  63   1              TR0=0;
  64   1      
  65   1      }
  66          
  67          void temp() 
  68          {         unsigned char value;
  69   1                     delay_ms(1);
  70   1                         wr = 0;
  71   1                        delay_ms(1);
  72   1                        wr = 1;
  73   1                        while(intr==1);
  74   1                        rd=0;
  75   1                        value = ADC_OUT;
  76   1                              value=value*2;
  77   1                        convertAndDisplay(value);
  78   1                        rd=1;
  79   1      }
  80                  
  81          void convertAndDisplay(unsigned char value)
  82                   
  83                   {
  84   1                  unsigned char x,d1,d2;
  85   1                      x=value/10;
  86   1                      d1=value%10;
  87   1                      d2=x%10;
  88   1              //      d3=x%10;
  89   1                                      cmd_lcd(0x88);
  90   1                      //cmd_lcd(0x06);
  91   1                      //cmd_lcd(0x0E);
  92   1                      write_lcd(d2+48);               
  93   1                      write_lcd(d1+48);
  94   1                      write_lcd('`');
  95   1                      write_lcd('C');
  96   1                      delay_ms(10);
  97   1                      temp_check(value);
  98   1                      
  99   1      }
 100          void temp_check(unsigned char value)
 101          {
 102   1              
 103   1              if(value<=25)
 104   1               {       led1=0;led2=1;led3=1;led4=1;
 105   2                                       pwm_width=250;
 106   2                       //cmd_lcd(0x01);
 107   2                       cmd_lcd(0xc4);
 108   2                       display_lcd("MODE 1");
 109   2                       delay_ms(10);
 110   2               }
 111   1              else if((value>25)&&(value<=30))
 112   1               {
 113   2               led1=1;led2=0;led3=1;led4=1;
 114   2                      // fan=1;
 115   2                      // timer(50);
 116   2                       //delay_ms(10);
 117   2                       //fan=0;
C51 COMPILER V9.01   TEM_FAN                                                               05/05/2016 16:09:34 PAGE 3   

 118   2                       //timer(50);
 119   2                        pwm_width=190;
 120   2                      // cmd_lcd(0x01);
 121   2                        cmd_lcd(0xc4);
 122   2                       display_lcd("MODE 2");
 123   2                      
 124   2                       delay_ms(10);
 125   2               }
 126   1               else if((value>30)&&(value<=35))
 127   1               {
 128   2                       led1=1;led2=1;led3=0;led4=1;
 129   2                      // fan=1;
 130   2                       //timer(75);
 131   2                       //delay_ms(10);
 132   2                       //fan=0;
 133   2                      // timer(25);
 134   2                       pwm_width=130;
 135   2              //       cmd_lcd(0x01);
 136   2                       cmd_lcd(0xc4);
 137   2                       display_lcd("MODE 3");
 138   2                      
 139   2                       delay_ms(10);
 140   2               }
 141   1               else if((value>35)&&(value<=40))
 142   1               {
 143   2                       led1=1;led2=1;led3=1;led4=0;
 144   2                      // fan=1;
 145   2                       //timer(75);
 146   2                       //delay_ms(10);
 147   2                       //fan=0;
 148   2                      // timer(25);
 149   2                       pwm_width=70;
 150   2              //       cmd_lcd(0x01);
 151   2                       cmd_lcd(0xc4);
 152   2                       display_lcd("MODE 4");
 153   2                      
 154   2                       delay_ms(10);
 155   2               }
 156   1               else
 157   1               {
 158   2                       led1=0;led2=0;led3=0;led4=0;
 159   2                      // fan=1;
 160   2                      // timer(100);
 161   2                       pwm_width=10;
 162   2              //       cmd_lcd(0x01);
 163   2                      cmd_lcd(0xc4);
 164   2                       display_lcd("MODE 5");
 165   2                       delay_ms(10);
 166   2              }
 167   1               
 168   1      }       
 169          //initialize lcd
 170          void init_lcd(void)
 171          {                           
 172   1      delay_ms(10); //delay 10 milliseconds
 173   1      cmd_lcd(0x0e); //lcd on, cursor on
 174   1      delay_ms(10);
 175   1      cmd_lcd(0x38); //8 bit initialize, 5x7 character font, 16x2 display
 176   1      delay_ms(10);
 177   1      cmd_lcd(0x06); //right shift cursor automatically after each character is displayed
 178   1      delay_ms(10);
 179   1      cmd_lcd(0x01); //clear lcd
C51 COMPILER V9.01   TEM_FAN                                                               05/05/2016 16:09:34 PAGE 4   

 180   1      delay_ms(10);
 181   1      cmd_lcd (0x80);
 182   1      }
 183          //transmit command or instruction to lcd
 184          void cmd_lcd(unsigned char c)
 185          {
 186   1      EN=1;
 187   1      RW=0;//set enable pin
 188   1      RS=0; //clear register select pin
 189   1      LCD=c; //load 8 bit data
 190   1      EN=0; //clear enable pin
 191   1      delay_ms(2); //delay 2 milliseconds
 192   1      }
 193          //transmit a character to be displayed on lcd
 194          void write_lcd(unsigned char c)
 195          {
 196   1      EN=1; //set enable pin
 197   1      RW=0;
 198   1      RS=1; //set register select pin
 199   1      LCD=c;  //load 8 bit data
 200   1      EN=0; //clear enable pin
 201   1      delay_ms(2); //delay 2 milliseconds
 202   1      }
 203          //transmit a string to be displayed on lcd
 204          void display_lcd(unsigned char *s)
 205          {
 206   1      while(*s)
 207   1      write_lcd(*s++);
 208   1      }
 209          //generates delay in milli seconds
 210          void delay_ms(unsigned int i)
 211          {
 212   1      unsigned int j;
 213   1                  while(i-->0)
 214   1                  {
 215   2                              for(j=0;j<500;j++)
 216   2                              {
 217   3                                          ;
 218   3                              }
 219   2                  }
 220   1      }           


MODULE INFORMATION:   STATIC OVERLAYABLE
   CODE SIZE        =    492    ----
   CONSTANT SIZE    =     41    ----
   XDATA SIZE       =   ----    ----
   PDATA SIZE       =   ----    ----
   DATA SIZE        =      1       7
   IDATA SIZE       =   ----    ----
   BIT SIZE         =      1    ----
END OF MODULE INFORMATION.


C51 COMPILATION COMPLETE.  0 WARNING(S),  0 ERROR(S)
