C51 COMPILER V9.05   DK4                                                                   01/21/2013 17:53:12 PAGE 1   


C51 COMPILER V9.05, COMPILATION OF MODULE DK4
OBJECT MODULE PLACED IN dk4.OBJ
COMPILER INVOKED BY: C:\Keil\C51\BIN\C51.EXE dk4.c BROWSE DEBUG OBJECTEXTEND

line level    source

   1          #include<reg51.h>
   2          #define seg P1
   3          #define seg1 P3
   4          void delay(unsigned int msec);
   5          void main()
   6          {
   7   1      int i,j;
   8   1      unsigned char array[10]={0xc0,0xf9,0xa4,0xb0,0x99,0x92,0x82,0xf8,0x80,0x90};
   9   1      while(1)
  10   1      {
  11   2      for(i=0;i<10;i++)
  12   2      {
  13   3      for(j=0;j<10;j++)
  14   3      {
  15   4      seg=array[i];
  16   4      seg1=array[j];
  17   4      delay(100);
  18   4      }
  19   3      }
  20   2      }
  21   1      }
  22          void delay(unsigned int msec)
  23          {
  24   1      unsigned int j,k;
  25   1      for(j=0;j<msec;j++)
  26   1      for(k=0;k<1275;k++);
  27   1      }


MODULE INFORMATION:   STATIC OVERLAYABLE
   CODE SIZE        =    124    ----
   CONSTANT SIZE    =     10    ----
   XDATA SIZE       =   ----    ----
   PDATA SIZE       =   ----    ----
   DATA SIZE        =   ----      14
   IDATA SIZE       =   ----    ----
   BIT SIZE         =   ----    ----
END OF MODULE INFORMATION.


C51 COMPILATION COMPLETE.  0 WARNING(S),  0 ERROR(S)
