C51 COMPILER V9.05   DK7                                                                   01/24/2013 17:39:55 PAGE 1   


C51 COMPILER V9.05, COMPILATION OF MODULE DK7
OBJECT MODULE PLACED IN dk7.OBJ
COMPILER INVOKED BY: C:\Keil\C51\BIN\C51.EXE dk7.c BROWSE DEBUG OBJECTEXTEND

line level    source

   1          #include<reg51.h>
   2          #include<string.h>
   3          #define lcd P0
   4          sbit rs=P3^6 ;
   5          //sbit rw=P3^5;
   6          sbit en=P3^7;
   7          void character(void);
   8          void lcd_str(unsigned char *);
   9          void lcd_cmd(unsigned char);
  10          void lcd_data(unsigned char);
  11          void delay(unsigned char);
  12          void lcd_init(void);
  13          void main()
  14          { 
  15   1      lcd_init();
  16   1      while(1)
  17   1      {
  18   2      character();
  19   2      }
  20   1      }
  21          void lcd_cmd(unsigned char a)
  22          {  
  23   1      lcd=a;
  24   1      rs=0;
  25   1      //rw=0;
  26   1      en=1;
  27   1      delay(1);
  28   1      en=0;
  29   1      }
  30          void lcd_data(unsigned char b)
  31          {
  32   1      lcd=b;
  33   1      rs=1;
  34   1      //rw=0;
  35   1      en=1;
  36   1      delay(1);
  37   1      en=0;
  38   1      }
  39          void delay(unsigned char msec)
  40          {
  41   1      unsigned int i,j;
  42   1      for(i=0;i<msec;i++)
  43   1      for(j=0;j<1275;j++);
  44   1      }
  45          void lcd_init(void)
  46          {
  47   1      lcd_cmd(0x38);
  48   1      lcd_cmd(0x01);
  49   1      lcd_cmd(0x06);
  50   1      lcd_cmd(0x0e);
  51   1      lcd_cmd(0x80);
  52   1      }
  53          void character(void)
  54          {
  55   1      lcd_cmd(64);
C51 COMPILER V9.05   DK7                                                                   01/24/2013 17:39:55 PAGE 2   

  56   1      lcd_data(2);
  57   1      lcd_data(6);
  58   1      lcd_data(14);
  59   1      lcd_data(11);
  60   1      lcd_data(11);
  61   1      lcd_data(24);
  62   1      lcd_data(24);
  63   1      lcd_cmd(0x85);
  64   1      lcd_data(0);
  65   1      delay(2);
  66   1      }
  67          
  68          void lcd_str(unsigned char *s)
  69          {
  70   1              unsigned char l,i;
  71   1              l=strlen(s);
  72   1              for(i=0;i<l;i++)
  73   1              {
  74   2              lcd_data(*s);
  75   2              s++;
  76   2              }
  77   1      }                          


MODULE INFORMATION:   STATIC OVERLAYABLE
   CODE SIZE        =    201    ----
   CONSTANT SIZE    =   ----    ----
   XDATA SIZE       =   ----    ----
   PDATA SIZE       =   ----    ----
   DATA SIZE        =   ----       5
   IDATA SIZE       =   ----    ----
   BIT SIZE         =   ----    ----
END OF MODULE INFORMATION.


C51 COMPILATION COMPLETE.  0 WARNING(S),  0 ERROR(S)
