C51 COMPILER V9.01   SEG_MULTI                                                             11/20/2013 13:49:44 PAGE 1   


C51 COMPILER V9.01, COMPILATION OF MODULE SEG_MULTI
OBJECT MODULE PLACED IN seg_multi.OBJ
COMPILER INVOKED BY: C:\Keil\C51\BIN\C51.EXE seg_multi.c BROWSE DEBUG OBJECTEXTEND

line level    source

   1          #include<reg51.h>
   2          void timer_ini();
   3          void delay(); 
   4          void delay2();
   5          void delay1();
   6          void lcd_data(unsigned char);
   7          void lcd_com(unsigned char );
   8          void comn_data(unsigned char,unsigned char *);
   9          void lcd_ini();
  10          unsigned char opt=1;
  11          #define s1 P1
  12          #define lcd P2
  13          sbit rs=P0^2;
  14          sbit rw=P0^3;
  15          sbit en=P0^4;
  16          sbit seg1= P3^2;
  17          sbit seg2= P3^3;
  18          sbit sw1= P0^0;
  19          sbit sw2= P0^1;
  20          unsigned char dat1=0xa4,dat2=0xc0;
  21          void main()
  22          {
  23   1              unsigned char ar[]={0xc0,0xF9,0xA4,0xB0,0x99,0x92,0x82,0xF8,0x80,0x90};
  24   1              unsigned char max=20,low,up;
  25   1              IE=0x82;
  26   1              timer_ini();
  27   1              lcd_ini();
  28   1                      comn_data(0x80,"Car space ");
  29   1              comn_data(0xc4,"available");
  30   1              while(1)
  31   1              {
  32   2                      if(sw1==1)
  33   2                      {
  34   3                       while(sw1==1);
  35   3                              if(max!=20)
  36   3                              max++;
  37   3                              //seg=ar[i];
  38   3                              low=max/10;
  39   3                              up=max%10;
  40   3                              dat1=ar[low];
  41   3                              dat2=ar[up];
  42   3                              if(max>0)
  43   3                              {
  44   4                              comn_data(0x80,"Car space ");
  45   4                              comn_data(0xc4,"available");    
  46   4                              }
  47   3                      }
  48   2                      if(sw2==1)
  49   2                      {
  50   3                       while(sw2==1);
  51   3                              if(max!=0)
  52   3                              max--;
  53   3                              low=max/10;
  54   3                              up=max%10;
  55   3                              dat1=ar[low];
C51 COMPILER V9.01   SEG_MULTI                                                             11/20/2013 13:49:44 PAGE 2   

  56   3                              dat2=ar[up];
  57   3                              if(max==0)
  58   3                              {
  59   4                              comn_data(0x80,"No space ");
  60   4                              comn_data(0xc4,"available");    
  61   4                              }
  62   3                      }
  63   2              }
  64   1      }
  65          void timer_ini()
  66          {
  67   1              TMOD=0x01;
  68   1              TH0=0x60;
  69   1              TL0=0x00;
  70   1              TR0=1;
  71   1      }
  72          void delay()
  73          {
  74   1              unsigned int i,j;
  75   1              for(i=0;i<1;i++)
  76   1              for(j=0;j<65535;j++);
  77   1      }
  78          void timer0() interrupt 1
  79          {
  80   1      
  81   1              switch(opt)
  82   1              {
  83   2                      case 1:
  84   2      
  85   2                                      P3=0x00;
  86   2                                      seg1=1;
  87   2                                      s1=dat2;
  88   2                      break;
  89   2                      case 2:
  90   2                                      
  91   2                                      P3=0x00;
  92   2                                      seg2=1;
  93   2                                      s1=dat1;
  94   2                      break;  
  95   2              }
  96   1              opt++;
  97   1              if(opt==3)
  98   1               opt=1;
  99   1              TH0=0xd0;                                                                 //value of 80<TH0<d0
 100   1              TL0=0x00;
 101   1      }
 102          void lcd_ini()
 103          {
 104   1              lcd_com(0x38);
 105   1              lcd_com(0x0e);
 106   1              lcd_com(0x01);
 107   1              lcd_com(0x06);
 108   1              lcd_com(0x80);
 109   1      }
 110          void lcd_com(unsigned char com)
 111          {
 112   1              lcd=com;
 113   1              rs=0;
 114   1              rw=0;
 115   1              en=1;
 116   1              delay2();
 117   1              en=0;
C51 COMPILER V9.01   SEG_MULTI                                                             11/20/2013 13:49:44 PAGE 3   

 118   1              delay1();
 119   1              
 120   1      }
 121          void lcd_data(unsigned char dat)
 122          {
 123   1              lcd=dat;
 124   1              rs=1;
 125   1              rw=0;
 126   1              en=1;
 127   1              delay2();
 128   1              en=0;
 129   1              delay1();
 130   1      }
 131          void comn_data(unsigned char com ,unsigned char *dat)
 132          {
 133   1              lcd_com(com);
 134   1              while(*dat)
 135   1              {
 136   2                      lcd_data(*dat++);
 137   2              }       
 138   1      }
 139          void delay2()
 140          {
 141   1              unsigned char i;
 142   1              for(i=0;i<255;i++);
 143   1      }
 144          void delay1()
 145          {
 146   1              unsigned int i,j;
 147   1              for(i=0;i<6553;i++);
 148   1      }
*** WARNING C280 IN LINE 146 OF SEG_MULTI.C: 'j': unreferenced local variable


MODULE INFORMATION:   STATIC OVERLAYABLE
   CODE SIZE        =    415    ----
   CONSTANT SIZE    =     41    ----
   XDATA SIZE       =   ----    ----
   PDATA SIZE       =   ----    ----
   DATA SIZE        =      3      20
   IDATA SIZE       =   ----    ----
   BIT SIZE         =   ----    ----
END OF MODULE INFORMATION.


C51 COMPILATION COMPLETE.  1 WARNING(S),  0 ERROR(S)
