C51 COMPILER V9.02   BLUE_EX                                                               05/05/2013 14:09:15 PAGE 1   


C51 COMPILER V9.02, COMPILATION OF MODULE BLUE_EX
OBJECT MODULE PLACED IN blue_ex.OBJ
COMPILER INVOKED BY: C:\Keil\C51\BIN\C51.EXE blue_ex.c BROWSE DEBUG OBJECTEXTEND

line level    source

   1          #include<reg51.h>
   2          
   3          #define dtmf P0
   4          #define LCD P1
   5          
   6          sbit RS=P2^5; //connect p3.0 to rs pin of lcd
   7          sbit RW=P2^6; //connect p3.1 to en pin of lcd
   8          sbit EN=P2^7; //connect p3.2 to en pin of lcd
   9          
  10          sbit r1=P2^0;
  11          sbit r2=P2^1;
  12          sbit r3=P2^2;
  13          sbit r4=P2^3;
  14          sbit test=P2^4;
  15          
  16          void init_lcd(void);
  17          void cmd_lcd(unsigned char);
  18          void write_lcd(unsigned char);
  19          void display_lcd(unsigned char *);
  20          void delay_ms(unsigned int);
  21          
  22          void main()
  23          {
  24   1         dtmf=0xff;
  25   1         test=1;
  26   1        init_lcd();
  27   1        display_lcd("Welcome To HOME");
  28   1         cmd_lcd(0xc0);
  29   1        display_lcd("Automation using ");
  30   1      delay_ms(200);
  31   1              cmd_lcd(0x01);
  32   1        display_lcd(" Bluetooth>>>>>> ");
  33   1       cmd_lcd(0xc0);
  34   1        display_lcd("   MADE BY:-");  
  35   1              delay_ms(200);
  36   1              cmd_lcd(0x01);
  37   1        display_lcd("SAKSHI, VAISHALI");
  38   1              
  39   1       cmd_lcd(0xc0);
  40   1        display_lcd("NEELAM & SHIPRA");       
  41   1              
  42   1              delay_ms(200);
  43   1                      cmd_lcd(0x01);
  44   1      
  45   1              while(1)
  46   1        {
  47   2                      if(test==1)
  48   2                      { 
  49   3                                      if(dtmf==0xf8)
  50   3                   {
  51   4                        r1=1;
  52   4                                       delay_ms(10);
  53   4                                                      cmd_lcd(0x80);
  54   4                                                display_lcd("   RELAY 1     ");       
  55   4      
C51 COMPILER V9.02   BLUE_EX                                                               05/05/2013 14:09:15 PAGE 2   

  56   4                                      // r2=0;r3=0;r4=0;
  57   4                       }
  58   3              else if(dtmf==0xf4)
  59   3                   {
  60   4                        //r1=0;
  61   4                                       r2=1;
  62   4                                       cmd_lcd(0x80);
  63   4                                                display_lcd("   RELAY 2     ");       
  64   4      
  65   4                                       //r3=0;r4=0;
  66   4                       }
  67   3              else if(dtmf==0xfc)
  68   3                   {
  69   4       
  70   4                        //r1=0;r2=0;
  71   4                                       r3=1;
  72   4                                       cmd_lcd(0x80);
  73   4                                                display_lcd("   RELAY 3     ");       
  74   4      
  75   4                                      // r4=0;
  76   4                       }
  77   3              else if(dtmf==0xf2)
  78   3                   {
  79   4                      //  r1=0;r2=0;r3=0;
  80   4                                       r4=1;
  81   4                                       cmd_lcd(0x80);
  82   4                                                display_lcd("   RELAY 4     ");       
  83   4      
  84   4                       }
  85   3              else if(dtmf==0xfa)
  86   3                   {
  87   4                        r1=1;r2=1;r3=1;r4=1;
  88   4                               cmd_lcd(0x80);
  89   4                                                display_lcd("   RELAY ON    ");       
  90   4      
  91   4                       }
  92   3              else if(dtmf==0xf5)
  93   3                   {
  94   4                        r1=0;r2=0;r3=0;r4=0;
  95   4       cmd_lcd(0x80);
  96   4                                                display_lcd("   RELAY OFF    ");      
  97   4                       
  98   4      }
  99   3      else
 100   3      { 
 101   4                              cmd_lcd(0x80);
 102   4       display_lcd("  Scanning Signal  ");
 103   4              cmd_lcd(0xc0);
 104   4       display_lcd("                ");
 105   4       
 106   4      }
 107   3      }
 108   2      else
 109   2      {
 110   3                                              cmd_lcd(0x80);
 111   3       display_lcd(" External Supply ");
 112   3                              cmd_lcd(0xc0);
 113   3       display_lcd(" Not Connected  ");
 114   3      delay_ms(200);
 115   3      
 116   3      }
 117   2        }
C51 COMPILER V9.02   BLUE_EX                                                               05/05/2013 14:09:15 PAGE 3   

 118   1      }
 119          
 120          //initialize lcd
 121          void init_lcd(void)
 122          {                           
 123   1      cmd_lcd(0x0e); //lcd on, cursor on
 124   1      delay_ms(10);
 125   1      cmd_lcd(0x38); //8 bit initialize, 5x7 character font, 16x2 display
 126   1      delay_ms(10);
 127   1      cmd_lcd(0x06); //right shift cursor automatically after each character is displayed
 128   1      delay_ms(10);
 129   1      cmd_lcd(0x01); //clear lcd
 130   1      delay_ms(10);
 131   1      cmd_lcd (0x80);
 132   1      }
 133          void delay_ms(unsigned int i)
 134          {
 135   1      unsigned int j;
 136   1                  while(i-->0)
 137   1                  {
 138   2                              for(j=0;j<500;j++)
 139   2                              {
 140   3                                          ;
 141   3                              }
 142   2                  }
 143   1      }           
 144          
 145          //transmit command or instruction to lcd
 146          void cmd_lcd(unsigned char c)
 147          {
 148   1      EN=1;
 149   1      RW=0;//set enable pin
 150   1      RS=0; //clear register select pin
 151   1      LCD=c; //load 8 bit data
 152   1      EN=0; //clear enable pin
 153   1      delay_ms(2); //delay 2 milliseconds
 154   1      }
 155          //transmit a character to be displayed on lcd
 156          void write_lcd(unsigned char c)
 157          {
 158   1      EN=1; //set enable pin
 159   1      RW=0;
 160   1      RS=1; //set register select pin
 161   1      LCD=c;  //load 8 bit data
 162   1      EN=0; //clear enable pin
 163   1      delay_ms(2); //delay 2 milliseconds
 164   1      }
 165          //transmit a string to be displayed on lcd
 166          void display_lcd(unsigned char *s)
 167          {
 168   1      while(*s)
 169   1      write_lcd(*s++);
 170   1      }


MODULE INFORMATION:   STATIC OVERLAYABLE
   CODE SIZE        =    471    ----
   CONSTANT SIZE    =    267    ----
   XDATA SIZE       =   ----    ----
   PDATA SIZE       =   ----    ----
   DATA SIZE        =   ----       3
   IDATA SIZE       =   ----    ----
C51 COMPILER V9.02   BLUE_EX                                                               05/05/2013 14:09:15 PAGE 4   

   BIT SIZE         =   ----    ----
END OF MODULE INFORMATION.


C51 COMPILATION COMPLETE.  0 WARNING(S),  0 ERROR(S)
