C51 COMPILER V9.05   LCD                                                                   08/29/2016 11:23:19 PAGE 1   


C51 COMPILER V9.05, COMPILATION OF MODULE LCD
OBJECT MODULE PLACED IN lcd.OBJ
COMPILER INVOKED BY: C:\Keil\C51\BIN\C51.EXE lcd.c BROWSE DEBUG OBJECTEXTEND

line level    source

   1          #include <reg51.h>
   2          sbit led2=P3^7;
   3          sbit  led1=P1^2;
   4          
   5          void main()
   6          {       
   7   1      int i=0;
   8   1      while(1)
   9   1      {
  10   2      led1=1;
  11   2      led2=1;
  12   2      for(i=0; i<30000; i++);
  13   2      led1=0;
  14   2      led2=0;
  15   2      for(i=0; i<30000; i++);
  16   2      
  17   2      }
  18   1      
  19   1      }


MODULE INFORMATION:   STATIC OVERLAYABLE
   CODE SIZE        =     43    ----
   CONSTANT SIZE    =   ----    ----
   XDATA SIZE       =   ----    ----
   PDATA SIZE       =   ----    ----
   DATA SIZE        =   ----    ----
   IDATA SIZE       =   ----    ----
   BIT SIZE         =   ----    ----
END OF MODULE INFORMATION.


C51 COMPILATION COMPLETE.  0 WARNING(S),  0 ERROR(S)
