C51 COMPILER V9.51   MES                                                                   06/12/2013 10:32:31 PAGE 1   


C51 COMPILER V9.51, COMPILATION OF MODULE MES
OBJECT MODULE PLACED IN mes.OBJ
COMPILER INVOKED BY: C:\Keil\C51\BIN\C51.EXE mes.c BROWSE DEBUG OBJECTEXTEND TABS(2)

line level    source

   1          //Program to display numeric digit 0-9 on LCD
   2          
   3          #include<reg51.h>
   4          #include<string.h>
   5          sbit RS = P3^6;   //Register select (RS) pin
   6          //sbit RW = P3^6;   //Read write (RW) pin
   7          sbit EN = P3^7;   //Enable (EN) pin
   8          
   9          
  10          void delay(int delay_time)    // Time delay function
  11          {
  12   1      int j,k;
  13   1      for(j=0;j<=delay_time;j++)
  14   1        for(k=0;k<=1000;k++);
  15   1      }
  16          
  17          void writecmd(unsigned char a)
  18          {
  19   1        RS=0;
  20   1        P0=a;
  21   1        //RW=0;
  22   1        EN=1;
  23   1        delay(5);
  24   1        EN=0;
  25   1        return;
  26   1      }
  27          
  28          void writedata(unsigned char b)
  29          {
  30   1        RS=1;
  31   1        P0=b;
  32   1      //  RW=0;
  33   1        EN=1;
  34   1        delay(5);
  35   1        EN=0;
  36   1        return;
  37   1      }
  38          void writestr(unsigned char *s)
  39          { 
  40   1        unsigned char l,i;
  41   1        l=strlen(s);
  42   1        for(i=0;i<l;i++)
  43   1        {
  44   2          writedata(*s);
  45   2          s++;
  46   2        }
  47   1      }
  48          /*void writestrslow(unsigned char *s)
  49          { 
  50              unsigned char l,i;
  51            l=strlen(s);
  52            for(i=0;i<l;i++)
  53            {
  54              writedata(*s);
  55              s++;
C51 COMPILER V9.51   MES                                                                   06/12/2013 10:32:31 PAGE 2   

  56              msdelay(150);
  57            }
  58          }  */
  59          void lcd()
  60          {
  61   1        writecmd(0x38);
  62   1        writecmd(0x0c);
  63   1        writecmd(0x01);
  64   1        writecmd(0x06);
  65   1        writecmd(0x80);
  66   1        
  67   1      }
  68          void main()
  69          {
  70   1        unsigned char i;
  71   1      while(1)
  72   1      {
  73   2      lcd();
  74   2      writecmd(0x80);
  75   2      writestr("WELCOME TO");
  76   2      writecmd(0xc8);
  77   2      writestr("CETPA");
  78   2      delay(10);
  79   2      writecmd(0x01);
  80   2      writecmd(0x80);
  81   2      writestr("EMBEDDED SYSTEM");
  82   2      writecmd(0xc4);
  83   2      writestr("8051 PIC ARV");
  84   2      delay(10);
  85   2      writecmd(0x01);
  86   2      writecmd(0x83);
  87   2      writestr("MATLAB");
  88   2      writecmd(0xc7);
  89   2      writestr("VHDL");
  90   2      delay(10);
  91   2      writecmd(0x01);
  92   2      writecmd(0x83);
  93   2      writestr("PLC");
  94   2      writecmd(0xc7);
  95   2      writestr("SCADA");
  96   2      delay(10);
  97   2      writecmd(0x01);
  98   2      writecmd(0x83);
  99   2      writestr("AUTOCAD");
 100   2      writecmd(0xc7);
 101   2      writestr("CATIA");
 102   2      delay(10);
 103   2      writecmd(0x01);
 104   2      writecmd(0x83);
 105   2      writestr("JAVA");
 106   2      writecmd(0xc7);
 107   2      writestr(".NET");
 108   2      delay(10);
 109   2      }
 110   1      }
*** WARNING C280 IN LINE 70 OF mes.c: 'i': unreferenced local variable


MODULE INFORMATION:   STATIC OVERLAYABLE
   CODE SIZE        =    336    ----
   CONSTANT SIZE    =     92    ----
   XDATA SIZE       =   ----    ----
C51 COMPILER V9.51   MES                                                                   06/12/2013 10:32:31 PAGE 3   

   PDATA SIZE       =   ----    ----
   DATA SIZE        =   ----       6
   IDATA SIZE       =   ----    ----
   BIT SIZE         =   ----    ----
END OF MODULE INFORMATION.


C51 COMPILATION COMPLETE.  1 WARNING(S),  0 ERROR(S)
