C51 COMPILER V9.01   TRANS                                                                 09/24/2015 13:03:30 PAGE 1   


C51 COMPILER V9.01, COMPILATION OF MODULE TRANS
OBJECT MODULE PLACED IN trans.OBJ
COMPILER INVOKED BY: C:\Keil\C51\BIN\C51.EXE trans.c BROWSE DEBUG OBJECTEXTEND

line level    source

   1          #include<reg51.h>
   2          void trans(unsigned char send);
   3          void delay(unsigned char msec);
   4          unsigned char recv(void);
   5          void main()
   6          {
   7   1        unsigned char k;
   8   1        SCON=0x50;
   9   1        TMOD=0x20;
  10   1        TH1=0xfd;
  11   1        TR1=1;
  12   1      while(1)
  13   1      {
  14   2          k=recv();
  15   2              trans(k);
  16   2              delay(10);
  17   2      }
  18   1      }
  19          
  20          void trans(unsigned char send)
  21          {
  22   1      SBUF=send;
  23   1      while(TI==0);
  24   1      TI=0;
  25   1      }
  26          unsigned char recv(void)
  27          {
  28   1      RI=0;
  29   1      while(RI==0);
  30   1      return SBUF;
  31   1      }
  32          void delay(unsigned char msec)
  33          {
  34   1      unsigned char i;
  35   1      unsigned int j;
  36   1      for(i=0;i<msec;i++)
  37   1       for(j=0;j<1275;j++);
  38   1      }


MODULE INFORMATION:   STATIC OVERLAYABLE
   CODE SIZE        =     67    ----
   CONSTANT SIZE    =   ----    ----
   XDATA SIZE       =   ----    ----
   PDATA SIZE       =   ----    ----
   DATA SIZE        =   ----       1
   IDATA SIZE       =   ----    ----
   BIT SIZE         =   ----    ----
END OF MODULE INFORMATION.


C51 COMPILATION COMPLETE.  0 WARNING(S),  0 ERROR(S)
