C51 COMPILER V9.51   DTMF_SPEED                                                            12/05/2013 22:42:41 PAGE 1   


C51 COMPILER V9.51, COMPILATION OF MODULE DTMF_SPEED
OBJECT MODULE PLACED IN dtmf_speed.OBJ
COMPILER INVOKED BY: C:\Keil\C51\BIN\C51.EXE dtmf_speed.c BROWSE DEBUG OBJECTEXTEND TABS(2)

line level    source

   1          #include<reg51.h>
   2          #include<string.h>
   3          #define dtmf P1
   4          sbit motor= P2^0;
   5          
   6          unsigned char keysense(void);
   7          
   8          unsigned char pwm_width;
   9          bit pwm_flag = 0;
  10          
  11          void timer0() interrupt 1 {
  12   1              if(!pwm_flag) { //Start of High level
  13   2                      pwm_flag = 1;   //Set flag
  14   2                      motor = 1;     //Set PWM o/p pin
  15   2                      TH0 = pwm_width;        //Load timer
  16   2                      TF0 = 0;                //Clear interrupt flag
  17   2                      return;         //Return
  18   2              }
  19   1              else {  //Start of Low level
  20   2                      pwm_flag = 0;   //Clear flag
  21   2                      motor = 0;     //Clear PWM o/p pin
  22   2                      TH0 = 255 - pwm_width;  //Load timer
  23   2                      TF0 = 0;        //Clear Interrupt flag
  24   2                      return;         //return
  25   2              }
  26   1      }
  27          void main()
  28          {
  29   1        unsigned char k;  
  30   1        dtmf=0xff;
  31   1        motor=0;
  32   1         TMOD = 0x02;
  33   1              EA = 1;
  34   1              ET0 = 1;
  35   1              TR0 = 1;
  36   1         while(1)
  37   1       { 
  38   2         k=keysense();
  39   2         switch(k)
  40   2         {
  41   3        case 1:  
  42   3               pwm_width = 5;
  43   3      
  44   3             break;
  45   3        case 2:
  46   3           pwm_width = 85;
  47   3      
  48   3           break;
  49   3        case 3:
  50   3           pwm_width = 175;
  51   3           break;
  52   3          default:   pwm_width = 250;
  53   3               break;
  54   3         }
  55   2       } 
C51 COMPILER V9.51   DTMF_SPEED                                                            12/05/2013 22:42:41 PAGE 2   

  56   1      }
  57          unsigned char keysense(void)
  58          {
  59   1       if(dtmf==0xf7)
  60   1         return(1);
  61   1      else if(dtmf==0xfb)
  62   1         return(2);
  63   1      else if(dtmf==0xf3)
  64   1          return(3);
  65   1      
  66   1      else
  67   1          return(0);
  68   1      }


MODULE INFORMATION:   STATIC OVERLAYABLE
   CODE SIZE        =    112    ----
   CONSTANT SIZE    =   ----    ----
   XDATA SIZE       =   ----    ----
   PDATA SIZE       =   ----    ----
   DATA SIZE        =      1    ----
   IDATA SIZE       =   ----    ----
   BIT SIZE         =      1    ----
END OF MODULE INFORMATION.


C51 COMPILATION COMPLETE.  0 WARNING(S),  0 ERROR(S)
