C51 COMPILER V9.55   DE                                                                    06/25/2016 10:47:18 PAGE 1   


C51 COMPILER V9.55, COMPILATION OF MODULE DE
OBJECT MODULE PLACED IN .\Objects\de.obj
COMPILER INVOKED BY: C:\Keil_v5\C51\BIN\C51.EXE de.c OPTIMIZE(8,SPEED) BROWSE DEBUG OBJECTEXTEND PRINT(.\Listings\de.lst
                    -) TABS(2) OBJECT(.\Objects\de.obj)

line level    source

   1          #include<reg51.h>
   2          #define lcd P2
   3          sbit rs=P3^0;
   4          sbit rw=P3^1;
   5          sbit en=P3^2;
   6          void lcd_dat(unsigned char d);
   7          void lcd_cmd(unsigned char g);
   8          void strn(unsigned char *);
   9          void initial();
  10          void delay(unsigned char tm);
  11          void dat(unsigned char y);
  12          void cmd(unsigned char x);
  13          void initial()
  14          {
  15   1      lcd_cmd(0x01);
  16   1        lcd_cmd(0x02);
  17   1        lcd_cmd(0x0e);
  18   1        lcd_cmd(0x06);
  19   1        lcd_cmd(0x28);
  20   1        lcd_cmd(0x80);
  21   1      }
  22          void lcd_cmd(unsigned char g)
  23          {
  24   1        int m;
  25   1        m=g&0xf0;
  26   1      cmd(m);
  27   1        m=((g<<4)&0xf0);
  28   1        cmd(m);
  29   1      }
  30          void strn(unsigned char *s)
  31          {
  32   1        while(*s)
  33   1        {
  34   2          lcd_dat(*s);
  35   2          s++;
  36   2        }
  37   1      }
  38          void lcd_dat(unsigned char d)
  39          {
  40   1        int z;
  41   1        z=d&0xf0;
  42   1        dat(z);
  43   1        z=(d<<4)&0xf0;
  44   1        dat(z);
  45   1      }
  46          void cmd(unsigned char x)
  47          {
  48   1        lcd=x;
  49   1        rs=0;
  50   1        rw=0;
  51   1        en=1;
  52   1        delay(5);
  53   1        en=0;
  54   1      }
C51 COMPILER V9.55   DE                                                                    06/25/2016 10:47:18 PAGE 2   

  55          
  56          void dat(unsigned char y)
  57          {
  58   1        lcd=y;
  59   1        rs=1;
  60   1        rw=0;
  61   1        en=1;
  62   1        delay(5);
  63   1        en=0;
  64   1      }
  65          
  66          void delay(unsigned char tm)
  67          {
  68   1        int i,j;
  69   1        for(i=0;i<tm;i++)
  70   1        {
  71   2          for(j=0;j<30000;j++);
  72   2        }
  73   1      }
  74          void main()
  75          {
  76   1        lcd =0x00;
  77   1        initial();
  78   1        while(1)
  79   1        {
  80   2          strn("my name is sakshi");
  81   2        }
  82   1      }


MODULE INFORMATION:   STATIC OVERLAYABLE
   CODE SIZE        =    197    ----
   CONSTANT SIZE    =     18    ----
   XDATA SIZE       =   ----    ----
   PDATA SIZE       =   ----    ----
   DATA SIZE        =   ----       5
   IDATA SIZE       =   ----    ----
   BIT SIZE         =   ----    ----
END OF MODULE INFORMATION.


C51 COMPILATION COMPLETE.  0 WARNING(S),  0 ERROR(S)
