C51 COMPILER V9.51   A_TRAIN                                                               11/12/2013 02:07:07 PAGE 1   


C51 COMPILER V9.51, COMPILATION OF MODULE A_TRAIN
OBJECT MODULE PLACED IN a_train.OBJ
COMPILER INVOKED BY: C:\Keil\C51\BIN\C51.EXE a_train.c BROWSE DEBUG OBJECTEXTEND TABS(2)

line level    source

   1          #include<reg51.h>
   2          #include<string.h>
   3          
   4          sbit red= P1^0;
   5          sbit green= P1^1;
   6          sbit yellow= P1^2;
   7          sbit motor= P2^4;
   8          sbit buzz=P1^3;
   9          
  10          unsigned char keysense(void);
  11          
  12          unsigned char pwm_width;
  13          bit pwm_flag = 0;
  14          
  15          void timer0() interrupt 1 {
  16   1              if(!pwm_flag) { //Start of High level
  17   2                      pwm_flag = 1;   //Set flag
  18   2                      motor = 1;     //Set PWM o/p pin
  19   2                      TH0 = pwm_width;        //Load timer
  20   2                      TF0 = 0;                //Clear interrupt flag
  21   2                      return;         //Return
  22   2              }
  23   1              else {  //Start of Low level
  24   2                      pwm_flag = 0;   //Clear flag
  25   2                      motor = 0;     //Clear PWM o/p pin
  26   2                      TH0 = 255 - pwm_width;  //Load timer
  27   2                      TF0 = 0;        //Clear Interrupt flag
  28   2                      return;         //return
  29   2              }
  30   1      }
  31          void main()
  32          {
  33   1        unsigned char k;  
  34   1         green=red=yellow=1;
  35   1        buzz=1;
  36   1         TMOD = 0x02;
  37   1              EA = 1;
  38   1              ET0 = 1;
  39   1              TR0 = 1;
  40   1         while(1)
  41   1       { 
  42   2         k=keysense();
  43   2         switch(k)
  44   2         {
  45   3        case 1:  
  46   3               pwm_width = 10;
  47   3        buzz=1;
  48   3           break;
  49   3        case 2:
  50   3           pwm_width = 100;
  51   3        buzz=0;
  52   3           break;
  53   3          default:   pwm_width = 250;
  54   3          buzz=1;
  55   3             break;
C51 COMPILER V9.51   A_TRAIN                                                               11/12/2013 02:07:07 PAGE 2   

  56   3         }
  57   2       } 
  58   1      }
  59          unsigned char keysense(void)
  60          {
  61   1       if(red==0)
  62   1         return(1);
  63   1      else if(yellow==0)
  64   1         return(2);
  65   1      else
  66   1          return (0);
  67   1      }


MODULE INFORMATION:   STATIC OVERLAYABLE
   CODE SIZE        =    100    ----
   CONSTANT SIZE    =   ----    ----
   XDATA SIZE       =   ----    ----
   PDATA SIZE       =   ----    ----
   DATA SIZE        =      1    ----
   IDATA SIZE       =   ----    ----
   BIT SIZE         =      1    ----
END OF MODULE INFORMATION.


C51 COMPILATION COMPLETE.  0 WARNING(S),  0 ERROR(S)
