C51 COMPILER V9.05   LED                                                                   09/14/2012 13:20:24 PAGE 1   


C51 COMPILER V9.05, COMPILATION OF MODULE LED
OBJECT MODULE PLACED IN led.OBJ
COMPILER INVOKED BY: C:\Keil\C51\BIN\C51.EXE led.c BROWSE DEBUG OBJECTEXTEND

line level    source

   1           #include<reg51.h>
   2           #define led P2
   3           void delay(unsigned char);
   4           void main()
   5           {
   6   1       while(1)
   7   1       {
   8   2       led=0x33;
   9   2       delay(50);
  10   2       led=0xcc;
  11   2       delay(50);
  12   2      
  13   2       
  14   2       }
  15   1       
  16   1       
  17   1       }
  18           void delay(unsigned char itime)
  19           {
  20   1       unsigned char i;
  21   1       unsigned int j;
  22   1       for(i=0;i<itime;i++)
  23   1       for(j=0;j<1275;j++);
  24   1       
  25   1      
  26   1       
  27   1       }


MODULE INFORMATION:   STATIC OVERLAYABLE
   CODE SIZE        =     43    ----
   CONSTANT SIZE    =   ----    ----
   XDATA SIZE       =   ----    ----
   PDATA SIZE       =   ----    ----
   DATA SIZE        =   ----    ----
   IDATA SIZE       =   ----    ----
   BIT SIZE         =   ----    ----
END OF MODULE INFORMATION.


C51 COMPILATION COMPLETE.  0 WARNING(S),  0 ERROR(S)
