C51 COMPILER V9.51   LED_PATTERN                                                           04/15/2014 18:56:09 PAGE 1   


C51 COMPILER V9.51, COMPILATION OF MODULE LED_PATTERN
OBJECT MODULE PLACED IN led_pattern.OBJ
COMPILER INVOKED BY: C:\Keil\C51\BIN\C51.EXE led_pattern.c BROWSE DEBUG OBJECTEXTEND

line level    source

*** WARNING C500 IN LINE 1 OF led_pattern.c: LICENSE ERROR (R207: REGISTRY READ ERROR)

   1          #include<reg51.h>
   2          #define led P2
   3          void delay(unsigned char);
   4          void main()
   5          {
   6   1        led=0x55;
   7   1        delay(200);
   8   1        led=0xaa;
   9   1        delay(200);
  10   1      
  11   1      }
  12          void delay(unsigned char itime)
  13          {
  14   1      unsigned char i;
  15   1      unsigned int j;
  16   1      for(i=0;i<itime;i++)
  17   1      for(j=0;j<1275;j++);
  18   1      }


MODULE INFORMATION:   STATIC OVERLAYABLE
   CODE SIZE        =     41    ----
   CONSTANT SIZE    =   ----    ----
   XDATA SIZE       =   ----    ----
   PDATA SIZE       =   ----    ----
   DATA SIZE        =   ----    ----
   IDATA SIZE       =   ----    ----
   BIT SIZE         =   ----    ----
END OF MODULE INFORMATION.


C51 COMPILATION COMPLETE.  1 WARNING(S),  0 ERROR(S)
