C51 COMPILER V9.51   EX_ATE                                                                02/22/2014 14:09:44 PAGE 1   


C51 COMPILER V9.51, COMPILATION OF MODULE EX_ATE
OBJECT MODULE PLACED IN ex-ate.OBJ
COMPILER INVOKED BY: C:\Keil\C51\BIN\C51.EXE ex-ate.c BROWSE DEBUG OBJECTEXTEND TABS(2)

line level    source

   1          #include<reg51.h>
   2          #include<string.h>
   3          
   4          sbit led1=P1^0;
   5          sbit led2=P1^1;
   6          sbit led3=P1^2;
   7          sbit sense1=P3^2;
   8          sbit sense2=P3^3;
   9          sbit mot1a=P3^7;
  10          sbit mot1b=P3^6;
  11          sbit mot2a=P3^5;
  12          sbit mot2b=P3^4;
  13          
  14          
  15          unsigned char recv(void);
  16          //void trans(unsigned char);
  17          //void transtr(unsigned char *);
  18          void delay(unsigned int);
  19          
  20          unsigned char cnt=0;
  21          void main()
  22          {
  23   1        unsigned char a;
  24   1        sense1=sense2=1;
  25   1        //IE=0x85;
  26   1        SCON=0x50;
  27   1        TMOD=0x20;
  28   1        TH1=-3;
  29   1        TR1=1;
  30   1        while(1)
  31   1        {   
  32   2        
  33   2          a=recv();
  34   2          switch(a)
  35   2          {
  36   3            case 'R': 
  37   3                       P2=0xfe;   //left
  38   3                        break;
  39   3          //  case 'G':  
  40   3            //            P1=0xfd;   //up
  41   3              //          break;
  42   3            case 'Y': 
  43   3                        P2=0xfd;     // down
  44   3                        break;
  45   3            case 'S':   
  46   3                        P2=0xf7;     // right
  47   3                        if(cnt==0)
  48   3                        { 
  49   4                        led1=0;
  50   4                          led2=1;led3=1;
  51   4                        cnt++;
  52   4                        }
  53   3                        else if(cnt==1)
  54   3                        {
  55   4                          led2=0;
C51 COMPILER V9.51   EX_ATE                                                                02/22/2014 14:09:44 PAGE 2   

  56   4                          led1=1;led3=1;
  57   4                          cnt++;
  58   4                        }
  59   3                        else
  60   3                        {
  61   4                          led3=0;led1=1;led2=1;
  62   4                          cnt=0;
  63   4                        }
  64   3                        break;
  65   3            default:
  66   3                        P2=0xfb;
  67   3                        break;
  68   3          }
  69   2        if(sense1==1)
  70   2        {   
  71   3           mot1a=0;mot1b=1;mot2a=0;mot2b=1;
  72   3               delay(20);
  73   3             mot1a=0;mot1b=0;mot2a=0;mot2b=0;
  74   3          while((sense1==1)||(sense2==1));
  75   3            
  76   3          mot1a=1;mot1b=0;mot2a=1;mot2b=0;
  77   3               delay(20);
  78   3             mot1a=0;mot1b=0;mot2a=0;mot2b=0;
  79   3          
  80   3        }
  81   2       if(sense2==1)
  82   2        {
  83   3           mot1a=0;mot1b=1;mot2a=0;mot2b=1;
  84   3               delay(20);
  85   3             mot1a=0;mot1b=0;mot2a=0;mot2b=0;
  86   3          while((sense1==1)||(sense2==1));
  87   3               mot1a=1;mot1b=0;mot2a=1;mot2b=0;
  88   3               delay(20);
  89   3             mot1a=0;mot1b=0;mot2a=0;mot2b=0;
  90   3        }
  91   2      
  92   2        }
  93   1      }
  94          /*unsigned char gate(void)
  95          {
  96              if(sense1==0)
  97                  return 1;
  98              else if(sense2==0)
  99                  return 0;
 100              else 
 101                   return 2;
 102          }*/
 103          void delay(unsigned int msec)
 104          {
 105   1        unsigned int i,j;
 106   1        for(i=0;i<msec;i++)
 107   1          for(j=0;j<1275;j++);
 108   1      }
 109          /*void transtr(unsigned char *s)
 110          {
 111          unsigned char l,i;
 112            l=strlen(s);
 113            for(i=0;i<l;i++)
 114                  {
 115                    trans(*s);
 116                    s++;
 117                  }
C51 COMPILER V9.51   EX_ATE                                                                02/22/2014 14:09:44 PAGE 3   

 118          }
 119          void trans(unsigned char value)
 120          {
 121            SBUF=value;
 122            while(TI==0);
 123            TI=0;
 124          }*/
 125          unsigned char recv(void)
 126          {  unsigned char value;
 127   1         RI=0;
 128   1        while(RI==0);
 129   1        value=SBUF;
 130   1        return value;
 131   1      }


MODULE INFORMATION:   STATIC OVERLAYABLE
   CODE SIZE        =    216    ----
   CONSTANT SIZE    =   ----    ----
   XDATA SIZE       =   ----    ----
   PDATA SIZE       =   ----    ----
   DATA SIZE        =      1    ----
   IDATA SIZE       =   ----    ----
   BIT SIZE         =   ----    ----
END OF MODULE INFORMATION.


C51 COMPILATION COMPLETE.  0 WARNING(S),  0 ERROR(S)
