C51 COMPILER V9.51   EX_RCV_WITHOUT_GATE                                                   04/08/2014 18:16:07 PAGE 1   


C51 COMPILER V9.51, COMPILATION OF MODULE EX_RCV_WITHOUT_GATE
OBJECT MODULE PLACED IN ex-rcv-without-gate.OBJ
COMPILER INVOKED BY: C:\Keil\C51\BIN\C51.EXE ex-rcv-without-gate.c BROWSE DEBUG OBJECTEXTEND

line level    source

*** WARNING C500 IN LINE 1 OF ex-rcv-without-gate.c: LICENSE ERROR (R207: REGISTRY READ ERROR)

   1           #include<reg51.h>
   2          #define LCD P0
   3          
   4          sbit RS=P3^0; //connect p3.0 to rs pin of lcd
   5          sbit RW=P3^1; //connect p3.1 to en pin of lcd
   6          sbit EN=P3^2; //connect p3.2 to en pin of lcd
   7          sbit blue=P1^0;
   8          sbit RED= P1^3;
   9          sbit Yellow= P1^2;
  10          sbit Green= P1^1;
  11          //sbit mode4= P2^3;
  12          sbit led_red=P3^4;
  13          sbit led_yellow=P3^5;
  14          sbit led_green=P3^6;
  15          sbit led_blue=P3^7;
  16          
  17          sbit buzz=P2^3;
  18          //sbit led4=P2^7;
  19          sbit motor= P2^4;
  20          sbit motor2=P2^7; 
  21          
  22          void delay(unsigned int);
  23          void delay_ms(unsigned int);
  24          void init_lcd(void);
  25          void cmd_lcd(unsigned char);
  26          void write_lcd(unsigned char);
  27          void display_lcd(unsigned char *);
  28          unsigned char keysense(void);
  29          
  30          
  31          unsigned char pwm_width,cnt=0;
  32          bit pwm_flag = 0;
  33          
  34          void timer0() interrupt 1 {
  35   1              if(!pwm_flag) { //Start of High level
  36   2                      pwm_flag = 1;   //Set flag
  37   2                      motor = 1;     //Set PWM o/p pin
  38   2                                                motor2=1;
  39   2                      TH0 = pwm_width;        //Load timer
  40   2                      TF0 = 0;                //Clear interrupt flag
  41   2                      return;         //Return
  42   2              }
  43   1              else {  //Start of Low level
  44   2                      pwm_flag = 0;   //Clear flag
  45   2                      motor = 0;     //Clear PWM o/p pin
  46   2                                                     motor2=0;
  47   2                      TH0 = 255 - pwm_width;  //Load timer
  48   2                      TF0 = 0;        //Clear Interrupt flag
  49   2                      return;         //return
  50   2              }
  51   1      }
  52          
  53          void main()
  54          {
C51 COMPILER V9.51   EX_RCV_WITHOUT_GATE                                                   04/08/2014 18:16:07 PAGE 2   

  55   1        unsigned char k;  
  56   1       //TMOD=0x20;
  57   1        //TH1=0xd2;
  58   1        RED=Yellow=Green=blue=1;
  59   1       TMOD = 0x20;
  60   1              TH0=0x00;
  61   1              //motor=0;
  62   1            //  pwm_width = 250;
  63   1              EA = 1;
  64   1              ET0 = 1;
  65   1              TR0 = 1;
  66   1                      init_lcd();
  67   1                      cmd_lcd(0x80);
  68   1                      display_lcd(" WELCOME TO SELF ");
  69   1                      cmd_lcd(0xc0);
  70   1                      display_lcd("    CONTROLLED ");
  71   1              delay(200);
  72   1              cmd_lcd(0x01);
  73   1              cmd_lcd(0x80);
  74   1                      display_lcd("  LOCOMOTIVE   ");
  75   1                      cmd_lcd(0xc0);
  76   1                      display_lcd(" MADE BY:-");
  77   1                      delay(200);
  78   1                      cmd_lcd(0x01);
  79   1                      cmd_lcd(0x80);
  80   1                      display_lcd("ASHI,DEEPTI");
  81   1                      cmd_lcd(0xc0);
  82   1                      display_lcd("ADITYA & SANDEEP ");
  83   1      delay(200);
  84   1      cmd_lcd(0x01);
  85   1                      cmd_lcd(0x80);
  86   1                      display_lcd("FROM:-");
  87   1                      cmd_lcd(0xc0);
  88   1                      display_lcd("DIET, Rishikesh ");
  89   1      delay(200);
  90   1              cmd_lcd(0x01);
  91   1       while(1)
  92   1       { 
  93   2         k=keysense();
  94   2         switch(k)
  95   2         {
  96   3              case 1:  
  97   3                       led_red=0;led_yellow=1;led_green=1;led_blue=1;
  98   3                           pwm_width = 250;
  99   3                      //cmd_lcd(0x01);
 100   3                               cmd_lcd(0x80);
 101   3                      display_lcd("     stop     ");
 102   3                      delay(100);
 103   3              cmd_lcd(0x01);
 104   3                       break;
 105   3              case 2:
 106   3                         led_red=1;led_yellow=0;led_green=1;led_blue=1;
 107   3        pwm_width = 126;
 108   3              buzz=0;
 109   3              //cmd_lcd(0x01);
 110   3         cmd_lcd(0x80);
 111   3                      display_lcd("    50 % SPEED  ");
 112   3      delay_ms(100);
 113   3              buzz=1;
 114   3                      cmd_lcd(0x01);
 115   3                       break;
 116   3              case 3:
C51 COMPILER V9.51   EX_RCV_WITHOUT_GATE                                                   04/08/2014 18:16:07 PAGE 3   

 117   3                         led_red=1;led_yellow=1;led_green=0;led_blue=1;
 118   3                        pwm_width = 00;
 119   3                      //cmd_lcd(0x01);
 120   3                cmd_lcd(0x80);
 121   3                      display_lcd("   100% SPEED ");
 122   3                      delay(200);
 123   3              cmd_lcd(0x01);
 124   3       break;
 125   3                      case 4: 
 126   3                                led_red=1;led_yellow=1;led_green=1;led_blue=0;
 127   3                           pwm_width = 250;
 128   3                      //        cmd_lcd(0x01);
 129   3                      if(cnt==0)
 130   3                      {
 131   4                              cnt++;
 132   4                              cmd_lcd(0x01);
 133   4                               cmd_lcd(0x80);
 134   4                      display_lcd("RISHIKESH STATION");
 135   4                              cmd_lcd(0xc5);
 136   4                              display_lcd("STOP");
 137   4                              delay(500);
 138   4                              cmd_lcd(0x01);
 139   4                               cmd_lcd(0x80);
 140   4                      display_lcd("NEXT STATION");
 141   4                              cmd_lcd(0xc0);
 142   4                              display_lcd("HARIDWAR");
 143   4                              delay(500);
 144   4                      }
 145   3                      else if(cnt==1)
 146   3                      {
 147   4                              cnt++;
 148   4                              cmd_lcd(0x01);
 149   4                               cmd_lcd(0x80);
 150   4                      display_lcd("HARIDWAR STATION");
 151   4                              cmd_lcd(0xc5);
 152   4                              display_lcd("STOP");
 153   4                              delay(500);
 154   4                              cmd_lcd(0x01);
 155   4                               cmd_lcd(0x80);
 156   4                      display_lcd("NEXT STATION");
 157   4                              cmd_lcd(0xc0);
 158   4                              display_lcd(" ROORKEE  ");
 159   4                              delay(500);
 160   4                      }
 161   3                      else
 162   3                      {
 163   4                              cnt=0;
 164   4                              cnt++;
 165   4                                      cmd_lcd(0x01);
 166   4                               cmd_lcd(0x80);
 167   4                      display_lcd("ROORKEE STATION");
 168   4                              cmd_lcd(0xc5);
 169   4                              display_lcd("STOP");
 170   4                              delay(500);
 171   4                              cmd_lcd(0x01);
 172   4                               cmd_lcd(0x80);
 173   4                      display_lcd("NEXT STATION");
 174   4                              cmd_lcd(0xc0);
 175   4                              display_lcd("SAHARANPUR");
 176   4                              delay(500);
 177   4                      }
 178   3                              cmd_lcd(0x01);
C51 COMPILER V9.51   EX_RCV_WITHOUT_GATE                                                   04/08/2014 18:16:07 PAGE 4   

 179   3      break;
 180   3       default:  
 181   3                               break;
 182   3         }
 183   2       } 
 184   1      }
 185          void delay(unsigned int msec)
 186          {
 187   1              unsigned int i,j;
 188   1        for(i=0;i<msec;i++)
 189   1                for(j=0;j<1275;j++);
 190   1      }
 191          unsigned char keysense(void)
 192          {
 193   1      if(RED==0)
 194   1         return(1);
 195   1      else if(Yellow==0)
 196   1         return(2);
 197   1      else if(Green==0)
 198   1         return(3);
 199   1      else if(blue==0)
 200   1         return(4);
 201   1      else
 202   1          return(0);
 203   1      
 204   1      }
 205          /*void timer(unsigned char msec)         // Function for timer
 206          {
 207                  unsigned char i;
 208                  TR1=1;
 209                  for(i=0;i<msec;i++)
 210                  {
 211                          while(TF1==0);
 212                          TF1=0;
 213                  }
 214                  TR1=0;
 215          } */
 216          void delay_ms(unsigned int i)
 217          {
 218   1      unsigned int j;
 219   1                  while(i-->0)
 220   1                  {
 221   2                              for(j=0;j<500;j++)
 222   2                              {
 223   3                                          ;
 224   3                              }
 225   2                  }
 226   1      }           
 227          //initialize lcd
 228          void init_lcd(void)
 229          {                           
 230   1      cmd_lcd(0x38); //8 bit initialize, 5x7 character font, 16x2 display
 231   1      delay_ms(5);
 232   1      cmd_lcd(0x0e); //lcd on, cursor on
 233   1      delay_ms(5);
 234   1      cmd_lcd(0x06); //right shift cursor automatically after each character is displayed
 235   1      delay_ms(5);
 236   1      cmd_lcd(0x01); //clear lcd
 237   1      delay_ms(5);
 238   1      cmd_lcd (0x80);
 239   1              delay_ms(5);
 240   1      
C51 COMPILER V9.51   EX_RCV_WITHOUT_GATE                                                   04/08/2014 18:16:07 PAGE 5   

 241   1      }
 242          //transmit command or instruction to lcd
 243          void cmd_lcd(unsigned char c)
 244          {
 245   1      EN=1;
 246   1      RW=0;//set enable pin
 247   1      RS=0; //clear register select pin
 248   1      LCD=c; //load 8 bit data
 249   1      delay_ms(5); //delay 2 milliseconds
 250   1      EN=0; //clear enable pin
 251   1      
 252   1      }
 253          //transmit a character to be displayed on lcd
 254          void write_lcd(unsigned char c)
 255          {
 256   1      EN=1; //set enable pin
 257   1      RW=0;
 258   1      RS=1; //set register select pin
 259   1      LCD=c;  //load 8 bit data
 260   1      delay_ms(5); //delay 2 milliseconds     
 261   1      EN=0; //clear enable pin
 262   1      }
 263          //transmit a string to be displayed on lcd
 264          void display_lcd(unsigned char *s)
 265          {
 266   1      while(*s)
 267   1      write_lcd(*s++);
 268   1      }


MODULE INFORMATION:   STATIC OVERLAYABLE
   CODE SIZE        =    770    ----
   CONSTANT SIZE    =    262    ----
   XDATA SIZE       =   ----    ----
   PDATA SIZE       =   ----    ----
   DATA SIZE        =      2       3
   IDATA SIZE       =   ----    ----
   BIT SIZE         =      1    ----
END OF MODULE INFORMATION.


C51 COMPILATION COMPLETE.  1 WARNING(S),  0 ERROR(S)
