C51 COMPILER V9.05   MAIN                                                                  10/06/2014 18:19:20 PAGE 1   


C51 COMPILER V9.05, COMPILATION OF MODULE MAIN
OBJECT MODULE PLACED IN main.OBJ
COMPILER INVOKED BY: C:\Keil\C51\BIN\C51.EXE main.c BROWSE DEBUG OBJECTEXTEND

line level    source

   1          #include<reg51.h>
   2          
   3          sbit q3 = P3^7;
   4          sbit relay = P2^7;
   5          
   6          unsigned char rec = 0;
   7          unsigned int i = 0;
   8          
   9          void main()
  10          {
  11   1              for(i = 0; i < 20000; i++);
  12   1              for(i = 0; i < 20000; i++);
  13   1              for(i = 0; i < 20000; i++);
  14   1      
  15   1              q3 = 0;
  16   1              relay = 0;
  17   1      
  18   1          TMOD = 0x20;        // Timer 1 Mode 2
  19   1          TH1 = -3;           // Set the baudrate
  20   1          SCON = 0x50;        // Set serial mode 1; REN = 1
  21   1          TR1 = 1;            // Start Timer 1
  22   1      
  23   1              q3 = 1;
  24   1      
  25   1          while(1)
  26   1          {
  27   2              while(RI == 0);
  28   2              rec = SBUF;
  29   2              RI = 0;
  30   2      
  31   2              SBUF = rec + 1;
  32   2              while(TI == 0);
  33   2              TI = 0;
  34   2      
  35   2                      if(rec == 0x31)
  36   2                              relay = 1;
  37   2                      else
  38   2                              relay = 0;
  39   2      
  40   2                      P0 = rec;
  41   2          }
  42   1      }


MODULE INFORMATION:   STATIC OVERLAYABLE
   CODE SIZE        =    114    ----
   CONSTANT SIZE    =   ----    ----
   XDATA SIZE       =   ----    ----
   PDATA SIZE       =   ----    ----
   DATA SIZE        =      3    ----
   IDATA SIZE       =   ----    ----
   BIT SIZE         =   ----    ----
END OF MODULE INFORMATION.


C51 COMPILATION COMPLETE.  0 WARNING(S),  0 ERROR(S)
