C51 COMPILER V8.05a   MAIN                                                                 08/03/2014 11:41:49 PAGE 1   


C51 COMPILER V8.05a, COMPILATION OF MODULE MAIN
OBJECT MODULE PLACED IN main.OBJ
COMPILER INVOKED BY: C:\Keil\C51\BIN\C51.EXE main.c BROWSE DEBUG OBJECTEXTEND

line level    source

   1          #include<reg51.h>
   2          
   3          char i = 0;
   4          
   5          void T0_ISR() interrupt 1
   6          {
   7   1          P3 = ~P3;           // toggle @ of 50 msec
   8   1      
   9   1          if(i > 19)  
  10   1          {
  11   2              P0 = ~P0;       // toogle @ of 1 sec
  12   2              i = 0;
  13   2         }
  14   1      
  15   1          i++;
  16   1      
  17   1          TF0 = 0;
  18   1      }
  19          
  20          void T0Init()
  21          {
  22   1          TMOD = 0x01;    // Timer 0 Mode 1
  23   1          TH0 = 0x4B;
  24   1          TL0 = 0xFD;
  25   1          TR0 = 1;
  26   1          IE = 0x82;
  27   1      }
  28          
  29          void main()
  30          {
  31   1          P0 = 0x00;
  32   1          P1 = 0x00;
  33   1          P3 = 0x00;
  34   1      
  35   1          T0Init();
  36   1          
  37   1          while(1)
  38   1          {
  39   2              P1 = ~P1;       // toogle vey fast
  40   2          }   
  41   1      }


MODULE INFORMATION:   STATIC OVERLAYABLE
   CODE SIZE        =     61    ----
   CONSTANT SIZE    =   ----    ----
   XDATA SIZE       =   ----    ----
   PDATA SIZE       =   ----    ----
   DATA SIZE        =      1    ----
   IDATA SIZE       =   ----    ----
   BIT SIZE         =   ----    ----
END OF MODULE INFORMATION.


C51 COMPILATION COMPLETE.  0 WARNING(S),  0 ERROR(S)
